2024-08-29 08:34:12,405 [INFO] Activator:176 - 


2024-08-29 08:34:12,410 [INFO] Activator:177 - !SESSION log4j initialized
2024-08-29 08:34:18,194 [INFO] LogOutputStream:77 - [STDOUT_REDIRECT] 
2024-08-29 08:34:19,653 [INFO] ApplicationProperties:184 - Using Application install path: C:\ST\STM32CubeIDE_1.14.0\STM32CubeIDE\plugins\com.st.stm32cube.common.mx_6.12.0.202406281431
2024-08-29 08:34:19,679 [INFO] DbMcusXml:78 - Set database path to: C:\ST\STM32CubeIDE_1.14.0\STM32CubeIDE\plugins\com.st.stm32cube.common.mx_6.12.0.202406281431\\db\/mcu/
2024-08-29 08:34:19,679 [INFO] ApiDb:274 - Set plugin database path to: C:\ST\STM32CubeIDE_1.14.0\STM32CubeIDE\plugins\com.st.stm32cube.common.mx_6.12.0.202406281431\\db\/plugins/boardmanager/
2024-08-29 08:34:19,680 [WARN] ApiDb:259 - Overriding images path with different value:  => C:\ST\STM32CubeIDE_1.14.0\STM32CubeIDE\plugins\com.st.stm32cube.common.mx_6.12.0.202406281431\\db\/plugins/mcufinder/images/
2024-08-29 08:34:19,694 [INFO] ApiDb:250 - Set database path to: C:\Users\leand\.stmcufinder\plugins\mcufinder//mcu/
2024-08-29 08:34:19,696 [INFO] DbMcusAds:125 - Set database path to: C:\Users\leand\.stmcufinder\plugins\mcufinder//mcu/
2024-08-29 08:34:19,699 [INFO] CrossReferenceDbSqlite:203 - Set database path to: C:\Users\leand\.stmcufinder\plugins\mcufinder//mcu/cs/
2024-08-29 08:34:19,860 [INFO] RulesReader:64 - Compatibility file has been processed (297 Rules)
2024-08-29 08:34:19,968 [INFO] DbMcusXml:78 - Set database path to: C:\ST\STM32CubeIDE_1.14.0\STM32CubeIDE\plugins\com.st.stm32cube.common.mx_6.12.0.202406281431\\db\/mcu/
2024-08-29 08:34:19,968 [INFO] ApiDb:274 - Set plugin database path to: C:\ST\STM32CubeIDE_1.14.0\STM32CubeIDE\plugins\com.st.stm32cube.common.mx_6.12.0.202406281431\\db\/plugins/boardmanager/
2024-08-29 08:34:19,969 [INFO] ApiDb:261 - Set plugin images path to: C:\ST\STM32CubeIDE_1.14.0\STM32CubeIDE\plugins\com.st.stm32cube.common.mx_6.12.0.202406281431\\db\/plugins/mcufinder/images/
2024-08-29 08:34:19,969 [WARN] DbFile:41 - Overriding database path with different value: C:\Users\leand\.stmcufinder\plugins\mcufinder/ => C:\Users\leand\.stmcufinder\plugins\mcufinder
2024-08-29 08:34:19,969 [INFO] ApiDb:250 - Set database path to: C:\Users\leand\.stmcufinder\plugins\mcufinder//mcu/
2024-08-29 08:34:19,969 [WARN] DbFile:41 - Overriding database path with different value: C:\Users\leand\.stmcufinder\plugins\mcufinder/ => C:\Users\leand\.stmcufinder\plugins\mcufinder
2024-08-29 08:34:19,969 [INFO] DbMcusAds:125 - Set database path to: C:\Users\leand\.stmcufinder\plugins\mcufinder//mcu/
2024-08-29 08:34:19,969 [WARN] DbFile:41 - Overriding database path with different value: C:\Users\leand\.stmcufinder\plugins\mcufinder/ => C:\Users\leand\.stmcufinder\plugins\mcufinder
2024-08-29 08:34:19,969 [WARN] DbFile:41 - Overriding database path with different value: C:\Users\leand\.stmcufinder\plugins\mcufinder/ => C:\Users\leand\.stmcufinder\plugins\mcufinder
2024-08-29 08:34:19,969 [INFO] CrossReferenceDbSqlite:203 - Set database path to: C:\Users\leand\.stmcufinder\plugins\mcufinder//mcu/cs/
2024-08-29 08:34:20,068 [INFO] MainPanel:268 - HeapMemory: 268435456
2024-08-29 08:34:20,199 [INFO] DbMcusXml:78 - Set database path to: C:\ST\STM32CubeIDE_1.14.0\STM32CubeIDE\plugins\com.st.stm32cube.common.mx_6.12.0.202406281431\\db\/mcu/
2024-08-29 08:34:20,200 [INFO] ApiDb:274 - Set plugin database path to: C:\ST\STM32CubeIDE_1.14.0\STM32CubeIDE\plugins\com.st.stm32cube.common.mx_6.12.0.202406281431\\db\/plugins/boardmanager/
2024-08-29 08:34:20,200 [INFO] ApiDb:261 - Set plugin images path to: C:\ST\STM32CubeIDE_1.14.0\STM32CubeIDE\plugins\com.st.stm32cube.common.mx_6.12.0.202406281431\\db\/plugins/mcufinder/images/
2024-08-29 08:34:20,200 [WARN] DbFile:41 - Overriding database path with different value: C:\Users\leand\.stmcufinder\plugins\mcufinder/ => C:\Users\leand\.stmcufinder\plugins\mcufinder
2024-08-29 08:34:20,200 [INFO] ApiDb:250 - Set database path to: C:\Users\leand\.stmcufinder\plugins\mcufinder//mcu/
2024-08-29 08:34:20,200 [WARN] DbFile:41 - Overriding database path with different value: C:\Users\leand\.stmcufinder\plugins\mcufinder/ => C:\Users\leand\.stmcufinder\plugins\mcufinder
2024-08-29 08:34:20,200 [INFO] DbMcusAds:125 - Set database path to: C:\Users\leand\.stmcufinder\plugins\mcufinder//mcu/
2024-08-29 08:34:20,200 [WARN] DbFile:41 - Overriding database path with different value: C:\Users\leand\.stmcufinder\plugins\mcufinder/ => C:\Users\leand\.stmcufinder\plugins\mcufinder
2024-08-29 08:34:20,200 [WARN] DbFile:41 - Overriding database path with different value: C:\Users\leand\.stmcufinder\plugins\mcufinder/ => C:\Users\leand\.stmcufinder\plugins\mcufinder
2024-08-29 08:34:20,201 [INFO] CrossReferenceDbSqlite:203 - Set database path to: C:\Users\leand\.stmcufinder\plugins\mcufinder//mcu/cs/
2024-08-29 08:34:20,218 [INFO] ApplicationProperties:184 - Using Application install path: C:\ST\STM32CubeIDE_1.14.0\STM32CubeIDE\plugins\com.st.stm32cube.common.mx_6.12.0.202406281431
2024-08-29 08:34:20,220 [INFO] PluginManage:196 - Search for loadable plugins [exclusion list=, ]
2024-08-29 08:34:20,221 [INFO] PluginManage:310 - Check plugin analytics
2024-08-29 08:34:20,455 [INFO] AnalyticsPlugin:253 - Accepted Software Licenses: 
2024-08-29 08:34:20,455 [INFO] AnalyticsPlugin:255 - Accepted CMSIS Pack Licenses: 
2024-08-29 08:34:20,455 [INFO] AnalyticsPlugin:257 - Accepted Firmware Licenses: FW.F4.1.28.0,FW.H7.1.11.0
2024-08-29 08:34:20,459 [INFO] PluginManage:359 - Loaded plugin analytics (category:tool,tabindex:-1)
2024-08-29 08:34:20,460 [INFO] PluginManage:310 - Check plugin cadmodel
2024-08-29 08:34:20,467 [INFO] CADModel:105 - Init CAD model plugin
2024-08-29 08:34:20,467 [INFO] PluginManage:359 - Loaded plugin cadmodel (category:power,tabindex:5)
2024-08-29 08:34:20,468 [INFO] PluginManage:310 - Check plugin clock
2024-08-29 08:34:20,480 [INFO] PluginManage:359 - Loaded plugin clock (category:base,tabindex:2)
2024-08-29 08:34:20,480 [INFO] PluginManage:310 - Check plugin ddr
2024-08-29 08:34:20,484 [INFO] PluginManage:359 - Loaded plugin ddr (category:tool,tabindex:6)
2024-08-29 08:34:20,484 [INFO] PluginManage:310 - Check plugin filemanager
2024-08-29 08:34:20,649 [INFO] PluginManage:359 - Loaded plugin filemanager (category:base,tabindex:10)
2024-08-29 08:34:20,649 [INFO] PluginManage:310 - Check plugin ipmanager
2024-08-29 08:34:20,656 [INFO] PluginManage:359 - Loaded plugin ipmanager (category:base,tabindex:5)
2024-08-29 08:34:20,656 [INFO] PluginManage:310 - Check plugin lpbam
2024-08-29 08:34:20,664 [INFO] PluginManage:359 - Loaded plugin lpbam (category:base,tabindex:0)
2024-08-29 08:34:20,665 [INFO] PluginManage:310 - Check plugin memorymap
2024-08-29 08:34:20,679 [INFO] PluginManage:359 - Loaded plugin memorymap (category:base,tabindex:4)
2024-08-29 08:34:20,680 [INFO] PluginManage:310 - Check plugin pinoutandconfiguration
2024-08-29 08:34:20,688 [INFO] PluginManage:359 - Loaded plugin pinoutandconfiguration (category:base,tabindex:1)
2024-08-29 08:34:20,688 [INFO] PluginManage:310 - Check plugin pinoutconfig
2024-08-29 08:34:20,811 [WARN] SupportedApi:132 - Cannot load RTOS API schema: s4s-elt-must-match.1: The content of 'definitions' must match (annotation?, (simpleType | complexType)?, (unique | key | keyref)*)). A problem was found starting at: attribute.
2024-08-29 08:34:20,998 [INFO] PluginManage:359 - Loaded plugin pinoutconfig (category:base,tabindex:0)
2024-08-29 08:34:20,998 [INFO] PluginManage:310 - Check plugin power
2024-08-29 08:34:21,010 [INFO] PluginManage:359 - Loaded plugin power (category:power,tabindex:4)
2024-08-29 08:34:21,010 [INFO] PluginManage:310 - Check plugin projectmanager
2024-08-29 08:34:21,030 [INFO] PluginManage:359 - Loaded plugin projectmanager (category:projectmanager,tabindex:4)
2024-08-29 08:34:21,030 [INFO] PluginManage:310 - Check plugin rif
2024-08-29 08:34:21,039 [INFO] PluginManage:359 - Loaded plugin rif (category:base,tabindex:3)
2024-08-29 08:34:21,039 [INFO] PluginManage:310 - Check plugin thirdparty
2024-08-29 08:34:21,220 [INFO] PluginManage:359 - Loaded plugin thirdparty (category:base,tabindex:-1)
2024-08-29 08:34:21,221 [INFO] PluginManage:310 - Check plugin tools
2024-08-29 08:34:21,220 [WARN] IntegrityCheckThread:84 - waiting for thirdparty lock release [integrity check]
2024-08-29 08:34:21,221 [INFO] IntegrityCheckThread:86 - entering critical section [integrity check]
2024-08-29 08:34:21,221 [INFO] ThirdPartyUpdaterWithRetryManager:70 - Updater plugin not ready yet. [1/15]
2024-08-29 08:34:21,223 [INFO] PluginManage:359 - Loaded plugin tools (category:base,tabindex:7)
2024-08-29 08:34:21,223 [INFO] PluginManage:310 - Check plugin tutovideos
2024-08-29 08:34:21,432 [INFO] PluginManage:359 - Loaded plugin tutovideos (category:base,tabindex:-1)
2024-08-29 08:34:21,432 [INFO] PluginManage:310 - Check plugin updater
2024-08-29 08:34:21,463 [INFO] PluginManage:359 - Loaded plugin updater (category:base,tabindex:12)
2024-08-29 08:34:21,463 [INFO] PluginManage:310 - Check plugin userauth
2024-08-29 08:34:21,472 [INFO] UserAuth:113 - Init User Auth plugin
2024-08-29 08:34:21,473 [INFO] PluginManage:359 - Loaded plugin userauth (category:base,tabindex:14)
2024-08-29 08:34:21,473 [INFO] PluginManage:283 - PluginManage : Loaded plugins [18]
2024-08-29 08:34:21,791 [INFO] PinOutPanel:1561 - setPackage(No Configuration,No Configuration)
2024-08-29 08:34:21,884 [INFO] CADModel:165 - CPN selected for project level
2024-08-29 08:34:21,884 [INFO] CADModel:114 - Register for checkConnection events
2024-08-29 08:34:21,903 [INFO] IPUIPlugin:80 - create IPUIPlugin
2024-08-29 08:34:21,903 [INFO] PluginManager:220 - loadIPPluginJar : add adc
2024-08-29 08:34:21,906 [INFO] IPUIPlugin:80 - create IPUIPlugin
2024-08-29 08:34:21,906 [INFO] PluginManager:220 - loadIPPluginJar : add aes
2024-08-29 08:34:21,908 [INFO] IPUIPlugin:80 - create IPUIPlugin
2024-08-29 08:34:21,909 [INFO] PluginManager:220 - loadIPPluginJar : add can
2024-08-29 08:34:21,910 [INFO] IPUIPlugin:80 - create IPUIPlugin
2024-08-29 08:34:21,911 [INFO] PluginManager:220 - loadIPPluginJar : add comp
2024-08-29 08:34:21,913 [INFO] IPUIPlugin:80 - create IPUIPlugin
2024-08-29 08:34:21,913 [INFO] PluginManager:220 - loadIPPluginJar : add cryp
2024-08-29 08:34:21,916 [INFO] IPUIPlugin:80 - create IPUIPlugin
2024-08-29 08:34:21,916 [INFO] PluginManager:220 - loadIPPluginJar : add ddr_ctrl_phy
2024-08-29 08:34:21,918 [INFO] IPUIPlugin:80 - create IPUIPlugin
2024-08-29 08:34:21,918 [INFO] PluginManager:220 - loadIPPluginJar : add dfsdm
2024-08-29 08:34:21,924 [INFO] IPUIPlugin:80 - create IPUIPlugin
2024-08-29 08:34:21,925 [INFO] PluginManager:220 - loadIPPluginJar : add dma
2024-08-29 08:34:21,927 [INFO] IPUIPlugin:80 - create IPUIPlugin
2024-08-29 08:34:21,927 [INFO] PluginManager:220 - loadIPPluginJar : add dma3
2024-08-29 08:34:21,929 [INFO] IPUIPlugin:80 - create IPUIPlugin
2024-08-29 08:34:21,930 [INFO] PluginManager:220 - loadIPPluginJar : add extmemmanager
2024-08-29 08:34:21,931 [INFO] IPUIPlugin:80 - create IPUIPlugin
2024-08-29 08:34:21,931 [INFO] PluginManager:220 - loadIPPluginJar : add fatfs
2024-08-29 08:34:21,935 [INFO] IPUIPlugin:80 - create IPUIPlugin
2024-08-29 08:34:21,936 [INFO] PluginManager:220 - loadIPPluginJar : add fmc
2024-08-29 08:34:21,941 [INFO] IPUIPlugin:80 - create IPUIPlugin
2024-08-29 08:34:21,941 [INFO] PluginManager:220 - loadIPPluginJar : add freertos
2024-08-29 08:34:21,943 [INFO] IPUIPlugin:80 - create IPUIPlugin
2024-08-29 08:34:21,943 [INFO] PluginManager:220 - loadIPPluginJar : add genericplugin
2024-08-29 08:34:21,945 [INFO] IPUIPlugin:80 - create IPUIPlugin
2024-08-29 08:34:21,945 [INFO] PluginManager:220 - loadIPPluginJar : add gfxmmu
2024-08-29 08:34:21,949 [INFO] IPUIPlugin:80 - create IPUIPlugin
2024-08-29 08:34:21,949 [INFO] PluginManager:220 - loadIPPluginJar : add gic
2024-08-29 08:34:21,952 [INFO] IPUIPlugin:80 - create IPUIPlugin
2024-08-29 08:34:21,952 [INFO] PluginManager:220 - loadIPPluginJar : add gpio
2024-08-29 08:34:21,955 [INFO] IPUIPlugin:80 - create IPUIPlugin
2024-08-29 08:34:21,955 [INFO] PluginManager:220 - loadIPPluginJar : add gtzc
2024-08-29 08:34:21,957 [INFO] IPUIPlugin:80 - create IPUIPlugin
2024-08-29 08:34:21,957 [INFO] PluginManager:220 - loadIPPluginJar : add hash
2024-08-29 08:34:21,959 [INFO] IPUIPlugin:80 - create IPUIPlugin
2024-08-29 08:34:21,959 [INFO] PluginManager:220 - loadIPPluginJar : add i2c
2024-08-29 08:34:21,961 [INFO] IPUIPlugin:80 - create IPUIPlugin
2024-08-29 08:34:21,962 [INFO] PluginManager:220 - loadIPPluginJar : add i2s
2024-08-29 08:34:21,964 [INFO] IPUIPlugin:80 - create IPUIPlugin
2024-08-29 08:34:21,964 [INFO] PluginManager:220 - loadIPPluginJar : add i3c
2024-08-29 08:34:21,967 [INFO] IPUIPlugin:80 - create IPUIPlugin
2024-08-29 08:34:21,967 [INFO] PluginManager:220 - loadIPPluginJar : add ipddr
2024-08-29 08:34:21,975 [INFO] IPUIPlugin:80 - create IPUIPlugin
2024-08-29 08:34:21,975 [INFO] PluginManager:220 - loadIPPluginJar : add linkedlist
2024-08-29 08:34:21,979 [INFO] IPUIPlugin:80 - create IPUIPlugin
2024-08-29 08:34:21,979 [INFO] PluginManager:220 - loadIPPluginJar : add lorawan
2024-08-29 08:34:21,980 [INFO] IPUIPlugin:80 - create IPUIPlugin
2024-08-29 08:34:21,980 [INFO] PluginManager:220 - loadIPPluginJar : add ltdc
2024-08-29 08:34:21,985 [INFO] IPUIPlugin:80 - create IPUIPlugin
2024-08-29 08:34:21,985 [INFO] PluginManager:220 - loadIPPluginJar : add mdma
2024-08-29 08:34:21,988 [INFO] IPUIPlugin:80 - create IPUIPlugin
2024-08-29 08:34:21,989 [INFO] PluginManager:220 - loadIPPluginJar : add nvic
2024-08-29 08:34:21,991 [INFO] IPUIPlugin:80 - create IPUIPlugin
2024-08-29 08:34:21,991 [INFO] PluginManager:220 - loadIPPluginJar : add opamp
2024-08-29 08:34:21,994 [INFO] IPUIPlugin:80 - create IPUIPlugin
2024-08-29 08:34:21,994 [INFO] PluginManager:220 - loadIPPluginJar : add openamp
2024-08-29 08:34:21,998 [INFO] IPUIPlugin:80 - create IPUIPlugin
2024-08-29 08:34:21,998 [INFO] PluginManager:220 - loadIPPluginJar : add pdm2pcm
2024-08-29 08:34:22,003 [INFO] IPUIPlugin:80 - create IPUIPlugin
2024-08-29 08:34:22,005 [INFO] PluginManager:220 - loadIPPluginJar : add plateformsettings
2024-08-29 08:34:22,007 [INFO] IPUIPlugin:80 - create IPUIPlugin
2024-08-29 08:34:22,007 [INFO] PluginManager:220 - loadIPPluginJar : add quadspi
2024-08-29 08:34:22,009 [INFO] IPUIPlugin:80 - create IPUIPlugin
2024-08-29 08:34:22,009 [INFO] PluginManager:220 - loadIPPluginJar : add radio
2024-08-29 08:34:22,012 [INFO] IPUIPlugin:80 - create IPUIPlugin
2024-08-29 08:34:22,012 [INFO] PluginManager:220 - loadIPPluginJar : add resmgrutility
2024-08-29 08:34:22,015 [INFO] IPUIPlugin:80 - create IPUIPlugin
2024-08-29 08:34:22,015 [INFO] PluginManager:220 - loadIPPluginJar : add sai
2024-08-29 08:34:22,017 [INFO] IPUIPlugin:80 - create IPUIPlugin
2024-08-29 08:34:22,017 [INFO] PluginManager:220 - loadIPPluginJar : add spi
2024-08-29 08:34:22,021 [INFO] IPUIPlugin:80 - create IPUIPlugin
2024-08-29 08:34:22,021 [INFO] PluginManager:220 - loadIPPluginJar : add stm32_wpan
2024-08-29 08:34:22,022 [INFO] IPUIPlugin:80 - create IPUIPlugin
2024-08-29 08:34:22,023 [INFO] PluginManager:220 - loadIPPluginJar : add tim
2024-08-29 08:34:22,025 [INFO] IPUIPlugin:80 - create IPUIPlugin
2024-08-29 08:34:22,026 [INFO] PluginManager:220 - loadIPPluginJar : add touchsensing
2024-08-29 08:34:22,027 [INFO] IPUIPlugin:80 - create IPUIPlugin
2024-08-29 08:34:22,027 [INFO] PluginManager:220 - loadIPPluginJar : add tracer_emb
2024-08-29 08:34:22,029 [INFO] IPUIPlugin:80 - create IPUIPlugin
2024-08-29 08:34:22,029 [INFO] PluginManager:220 - loadIPPluginJar : add ts
2024-08-29 08:34:22,031 [INFO] IPUIPlugin:80 - create IPUIPlugin
2024-08-29 08:34:22,031 [INFO] PluginManager:220 - loadIPPluginJar : add tsc
2024-08-29 08:34:22,033 [INFO] IPUIPlugin:80 - create IPUIPlugin
2024-08-29 08:34:22,033 [INFO] PluginManager:220 - loadIPPluginJar : add ucpd
2024-08-29 08:34:22,036 [INFO] IPUIPlugin:80 - create IPUIPlugin
2024-08-29 08:34:22,036 [INFO] PluginManager:220 - loadIPPluginJar : add usart
2024-08-29 08:34:22,039 [INFO] IPUIPlugin:80 - create IPUIPlugin
2024-08-29 08:34:22,039 [INFO] PluginManager:220 - loadIPPluginJar : add usbx
2024-08-29 08:34:22,170 [INFO] CADModel:165 - CPN selected for project level
2024-08-29 08:34:22,170 [INFO] CADModel:114 - Register for checkConnection events
2024-08-29 08:34:22,171 [FATAL] Updater:334 - Updater called before beeing initialized
2024-08-29 08:34:22,171 [ERROR] CADModel:125 - Updater not yet initialized, retry later 
2024-08-29 08:34:22,342 [INFO] CADModel:165 - CPN selected for project level
2024-08-29 08:34:22,342 [INFO] CADModel:114 - Register for checkConnection events
2024-08-29 08:34:22,342 [FATAL] Updater:334 - Updater called before beeing initialized
2024-08-29 08:34:22,342 [ERROR] CADModel:125 - Updater not yet initialized, retry later 
2024-08-29 08:34:22,345 [FATAL] Updater:334 - Updater called before beeing initialized
2024-08-29 08:34:22,463 [FATAL] Updater:334 - Updater called before beeing initialized
2024-08-29 08:34:22,467 [INFO] DbMcusAds:53 - JSON generation date=Thu May 16 11:22:00 CEST 2024 (1715851320667)
2024-08-29 08:34:22,467 [FATAL] Updater:334 - Updater called before beeing initialized
2024-08-29 08:34:22,505 [WARN] DetailPanel:346 - Failed to get advertising image, set to default
2024-08-29 08:34:22,588 [FATAL] Updater:334 - Updater called before beeing initialized
2024-08-29 08:34:22,590 [FATAL] Updater:334 - Updater called before beeing initialized
2024-08-29 08:34:22,590 [FATAL] Updater:334 - Updater called before beeing initialized
2024-08-29 08:34:22,590 [WARN] DetailPanel:346 - Failed to get advertising image, set to default
2024-08-29 08:34:22,592 [FATAL] Updater:334 - Updater called before beeing initialized
2024-08-29 08:34:22,647 [ERROR] Updater:1164 - MainUpdater not yet initialized. External WinMGr cannot be set.
2024-08-29 08:34:22,649 [INFO] Updater:1100 - Updater Version found : 6.12.0
2024-08-29 08:34:22,668 [INFO] ApplicationProperties:184 - Using Application install path: C:\ST\STM32CubeIDE_1.14.0\STM32CubeIDE\plugins\com.st.stm32cube.common.mx_6.12.0.202406281431
2024-08-29 08:34:24,222 [INFO] ThirdPartyUpdaterWithRetryManager:70 - Updater plugin not ready yet. [2/15]
2024-08-29 08:34:24,250 [ERROR] LogOutputStream:75 - [STDERR_REDIRECT] Aug 29, 2024 8:34:24 AM java.util.prefs.WindowsPreferences <init>
2024-08-29 08:34:24,252 [ERROR] LogOutputStream:75 - [STDERR_REDIRECT] WARNING: Could not open/create prefs root node Software\JavaSoft\Prefs at root 0xffffffff80000002. Windows RegCreateKeyEx(...) returned error code 5.
2024-08-29 08:34:24,252 [ERROR] LogOutputStream:75 - [STDERR_REDIRECT] 
2024-08-29 08:34:24,909 [INFO] MainUpdater:2873 - connection check result : 10
2024-08-29 08:34:24,911 [INFO] MainUpdater:290 - Updater Check For Update Now.
2024-08-29 08:34:24,912 [INFO] MicroXplorer:498 - Change Database Version : DB.6.0.120
2024-08-29 08:34:24,941 [INFO] McuFinderGlobals:63 - Set McuFinder mode to 2 (CubeIDE integrated)
2024-08-29 08:34:24,944 [INFO] UserAuth:417 - Internet connection configuration mode: 1
2024-08-29 08:34:25,011 [INFO] JxBrowserEngine:152 - Initiate JxBrowser Engine with user profile folder
2024-08-29 08:34:25,190 [INFO] CheckServerUpdateThread:120 - End of CheckServer Thread
2024-08-29 08:34:27,509 [WARN] PackLoader:240 - Cannot read IP mode file for STMicroelectronics.FP-SNS-MOTENVWB1.1.4.0
2024-08-29 08:34:27,526 [WARN] PackLoader:240 - Cannot read IP mode file for STMicroelectronics.X-CUBE-SMBUS.2.1.0
2024-08-29 08:34:27,531 [WARN] PackLoader:240 - Cannot read IP mode file for STMicroelectronics.X-CUBE-TOUCHGFX.4.23.0
2024-08-29 08:34:27,534 [WARN] PackLoader:240 - Cannot read IP mode file for STMicroelectronics.X-CUBE-TOUCHGFX.4.23.2
2024-08-29 08:34:27,569 [WARN] PackLoader:240 - Cannot read IP mode file for STMicroelectronics.X-CUBE-AZRTOS-F7.1.1.0
2024-08-29 08:34:27,581 [WARN] PackLoader:240 - Cannot read IP mode file for STMicroelectronics.FP-SNS-MOTENV1.4.3.2
2024-08-29 08:34:27,652 [WARN] PackLoader:240 - Cannot read IP mode file for STMicroelectronics.X-CUBE-MEMS1.11.0.0
2024-08-29 08:34:27,718 [INFO] WebApp:167 - Instantiating new browser for Auth
2024-08-29 08:34:27,837 [WARN] PackLoader:240 - Cannot read IP mode file for STMicroelectronics.FP-SNS-FLIGHT1.5.0.2
2024-08-29 08:34:27,847 [WARN] PackLoader:240 - Cannot read IP mode file for STMicroelectronics.X-CUBE-DISPLAY.3.0.0
2024-08-29 08:34:27,861 [WARN] PackLoader:240 - Cannot read IP mode file for STMicroelectronics.X-CUBE-BLE1.7.0.0
2024-08-29 08:34:27,867 [WARN] PackLoader:240 - Cannot read IP mode file for emotas.I-CUBE-CANOPEN.1.3.0
2024-08-29 08:34:27,871 [WARN] PackLoader:240 - Cannot read IP mode file for STMicroelectronics.X-CUBE-TOUCHGFX.4.22.1
2024-08-29 08:34:27,879 [WARN] PackLoader:240 - Cannot read IP mode file for STMicroelectronics.X-CUBE-BLEMGR.3.1.0
2024-08-29 08:34:27,886 [WARN] PackLoader:240 - Cannot read IP mode file for STMicroelectronics.FP-SNS-SMARTAG2.1.2.0
2024-08-29 08:34:27,897 [INFO] LogOutputStream:77 - [STDOUT_REDIRECT] 1 : Invalid condition id : UX_CORESTACK_Condition cause : null
2024-08-29 08:34:27,899 [INFO] LogOutputStream:77 - [STDOUT_REDIRECT] 1 : Invalid condition id : UX_CORESTACK_Condition cause : null
2024-08-29 08:34:27,901 [INFO] LogOutputStream:77 - [STDOUT_REDIRECT] 1 : Invalid condition id : UX_CORESTACK_Condition cause : null
2024-08-29 08:34:27,902 [INFO] LogOutputStream:77 - [STDOUT_REDIRECT] 1 : Invalid condition id : UX_CORESTACK_Condition cause : null
2024-08-29 08:34:27,904 [INFO] LogOutputStream:77 - [STDOUT_REDIRECT] 1 : Invalid condition id : UX_CORESTACK_Condition cause : null
2024-08-29 08:34:27,907 [WARN] PackLoader:240 - Cannot read IP mode file for STMicroelectronics.X-CUBE-AZRTOS-WL.2.0.0
2024-08-29 08:34:27,911 [WARN] PackLoader:240 - Cannot read IP mode file for STMicroelectronics.FP-SNS-MOTENV1.5.0.0
2024-08-29 08:34:27,922 [WARN] PackLoader:240 - Cannot read IP mode file for wolfSSL.I-CUBE-wolfMQTT.1.19.0
2024-08-29 08:34:27,933 [WARN] PackLoader:240 - Cannot read IP mode file for WES.I-CUBE-Cesium.1.3.0
2024-08-29 08:34:27,941 [WARN] PackLoader:240 - Cannot read IP mode file for STMicroelectronics.X-CUBE-BLE2.3.3.0
2024-08-29 08:34:27,958 [WARN] PackLoader:240 - Cannot read IP mode file for STMicroelectronics.X-CUBE-TCPP.4.1.0
2024-08-29 08:34:27,970 [WARN] PackLoader:240 - Cannot read IP mode file for STMicroelectronics.X-CUBE-ALGOBUILD.1.3.0
2024-08-29 08:34:27,991 [WARN] PackLoader:240 - Cannot read IP mode file for STMicroelectronics.X-CUBE-AZRTOS-G0.1.1.0
2024-08-29 08:34:28,001 [WARN] PackLoader:240 - Cannot read IP mode file for STMicroelectronics.X-CUBE-SAFEA1.1.2.2
2024-08-29 08:34:28,006 [WARN] PackLoader:240 - Cannot read IP mode file for STMicroelectronics.X-CUBE-NFC4.3.0.0
2024-08-29 08:34:28,010 [WARN] PackLoader:240 - Cannot read IP mode file for wolfSSL.I-CUBE-wolfMQTT.1.18.0
2024-08-29 08:34:28,018 [WARN] PackLoader:240 - Cannot read IP mode file for EmbeddedOffice.I-CUBE-FS-RTOS.1.0.1
2024-08-29 08:34:28,018 [ERROR] ConditionMgr:805 - Attr not supported : Dmpu
2024-08-29 08:34:28,018 [ERROR] ConditionMgr:805 - Attr not supported : Dmpu
2024-08-29 08:34:28,018 [ERROR] ConditionMgr:805 - Attr not supported : Dmpu
2024-08-29 08:34:28,018 [ERROR] ConditionMgr:805 - Attr not supported : Dmpu
2024-08-29 08:34:28,018 [ERROR] ConditionMgr:805 - Attr not supported : Dmpu
2024-08-29 08:34:28,019 [ERROR] ConditionMgr:805 - Attr not supported : Dmpu
2024-08-29 08:34:28,019 [ERROR] ConditionMgr:805 - Attr not supported : Dmpu
2024-08-29 08:34:28,019 [ERROR] ConditionMgr:805 - Attr not supported : Dmpu
2024-08-29 08:34:28,019 [ERROR] ConditionMgr:805 - Attr not supported : Dmpu
2024-08-29 08:34:28,019 [ERROR] ConditionMgr:805 - Attr not supported : Dmpu
2024-08-29 08:34:28,019 [ERROR] ConditionMgr:805 - Attr not supported : Dmpu
2024-08-29 08:34:28,019 [ERROR] ConditionMgr:805 - Attr not supported : Dmpu
2024-08-29 08:34:28,019 [ERROR] ConditionMgr:805 - Attr not supported : Dmpu
2024-08-29 08:34:28,019 [ERROR] ConditionMgr:805 - Attr not supported : Dmpu
2024-08-29 08:34:28,019 [ERROR] ConditionMgr:805 - Attr not supported : Dmpu
2024-08-29 08:34:28,019 [ERROR] ConditionMgr:805 - Attr not supported : Dmpu
2024-08-29 08:34:28,019 [ERROR] ConditionMgr:805 - Attr not supported : Dmpu
2024-08-29 08:34:28,019 [ERROR] ConditionMgr:805 - Attr not supported : Dmpu
2024-08-29 08:34:28,019 [ERROR] ConditionMgr:805 - Attr not supported : Dmpu
2024-08-29 08:34:28,019 [ERROR] ConditionMgr:805 - Attr not supported : Dmpu
2024-08-29 08:34:28,019 [ERROR] ConditionMgr:805 - Attr not supported : Dmpu
2024-08-29 08:34:28,019 [ERROR] ConditionMgr:805 - Attr not supported : Dmpu
2024-08-29 08:34:28,019 [ERROR] ConditionMgr:805 - Attr not supported : Dmpu
2024-08-29 08:34:28,019 [ERROR] ConditionMgr:805 - Attr not supported : Dmpu
2024-08-29 08:34:28,020 [ERROR] ConditionMgr:805 - Attr not supported : Dmpu
2024-08-29 08:34:28,020 [ERROR] ConditionMgr:805 - Attr not supported : Dmpu
2024-08-29 08:34:28,020 [ERROR] ConditionMgr:805 - Attr not supported : Dmpu
2024-08-29 08:34:28,020 [ERROR] ConditionMgr:805 - Attr not supported : Dmpu
2024-08-29 08:34:28,020 [ERROR] ConditionMgr:805 - Attr not supported : Dmpu
2024-08-29 08:34:28,020 [ERROR] ConditionMgr:805 - Attr not supported : Dmpu
2024-08-29 08:34:28,020 [ERROR] ConditionMgr:805 - Attr not supported : Dmpu
2024-08-29 08:34:28,020 [ERROR] ConditionMgr:805 - Attr not supported : Dmpu
2024-08-29 08:34:28,020 [ERROR] ConditionMgr:805 - Attr not supported : Dmpu
2024-08-29 08:34:28,020 [ERROR] ConditionMgr:805 - Attr not supported : Dmpu
2024-08-29 08:34:28,020 [ERROR] ConditionMgr:805 - Attr not supported : Dmpu
2024-08-29 08:34:28,020 [ERROR] ConditionMgr:805 - Attr not supported : Dmpu
2024-08-29 08:34:28,020 [ERROR] ConditionMgr:805 - Attr not supported : Dmpu
2024-08-29 08:34:28,020 [ERROR] ConditionMgr:805 - Attr not supported : Dmpu
2024-08-29 08:34:28,020 [ERROR] ConditionMgr:805 - Attr not supported : Dmpu
2024-08-29 08:34:28,020 [ERROR] ConditionMgr:805 - Attr not supported : Dmpu
2024-08-29 08:34:28,020 [ERROR] ConditionMgr:805 - Attr not supported : Dmpu
2024-08-29 08:34:28,020 [ERROR] ConditionMgr:805 - Attr not supported : Dmpu
2024-08-29 08:34:28,020 [ERROR] ConditionMgr:805 - Attr not supported : Dmpu
2024-08-29 08:34:28,020 [ERROR] ConditionMgr:805 - Attr not supported : Dmpu
2024-08-29 08:34:28,020 [ERROR] ConditionMgr:805 - Attr not supported : Dmpu
2024-08-29 08:34:28,020 [ERROR] ConditionMgr:805 - Attr not supported : Dmpu
2024-08-29 08:34:28,020 [ERROR] ConditionMgr:805 - Attr not supported : Dmpu
2024-08-29 08:34:28,020 [ERROR] ConditionMgr:805 - Attr not supported : Dmpu
2024-08-29 08:34:28,020 [ERROR] ConditionMgr:805 - Attr not supported : Dmpu
2024-08-29 08:34:28,020 [ERROR] ConditionMgr:805 - Attr not supported : Dmpu
2024-08-29 08:34:28,021 [ERROR] ConditionMgr:805 - Attr not supported : Dmpu
2024-08-29 08:34:28,021 [ERROR] ConditionMgr:805 - Attr not supported : Dmpu
2024-08-29 08:34:28,021 [ERROR] ConditionMgr:805 - Attr not supported : Dmpu
2024-08-29 08:34:28,021 [ERROR] ConditionMgr:805 - Attr not supported : Dmpu
2024-08-29 08:34:28,021 [ERROR] ConditionMgr:805 - Attr not supported : Dmpu
2024-08-29 08:34:28,021 [ERROR] ConditionMgr:805 - Attr not supported : Dmpu
2024-08-29 08:34:28,021 [ERROR] ConditionMgr:805 - Attr not supported : Dmpu
2024-08-29 08:34:28,021 [ERROR] ConditionMgr:805 - Attr not supported : Dmpu
2024-08-29 08:34:28,021 [ERROR] ConditionMgr:805 - Attr not supported : Dmpu
2024-08-29 08:34:28,021 [ERROR] ConditionMgr:805 - Attr not supported : Dmpu
2024-08-29 08:34:28,021 [ERROR] ConditionMgr:805 - Attr not supported : Dmpu
2024-08-29 08:34:28,021 [ERROR] ConditionMgr:805 - Attr not supported : Dmpu
2024-08-29 08:34:28,021 [ERROR] ConditionMgr:805 - Attr not supported : Dmpu
2024-08-29 08:34:28,021 [ERROR] ConditionMgr:805 - Attr not supported : Dmpu
2024-08-29 08:34:28,027 [WARN] PackLoader:240 - Cannot read IP mode file for STMicroelectronics.X-CUBE-BLEMGR.3.0.0
2024-08-29 08:34:28,034 [WARN] PackLoader:240 - Cannot read IP mode file for RealThread.X-CUBE-RT-Thread_Nano.4.1.1
2024-08-29 08:34:28,038 [WARN] PackLoader:240 - Cannot read IP mode file for STMicroelectronics.FP-ATR-SIGFOX1.3.2.0
2024-08-29 08:34:28,043 [WARN] PackLoader:240 - Cannot read IP mode file for STMicroelectronics.X-CUBE-EEPRMA1.5.1.0
2024-08-29 08:34:28,089 [WARN] PackLoader:240 - Cannot read IP mode file for SEGGER.I-CUBE-embOS.1.3.1
2024-08-29 08:34:28,158 [WARN] PackLoader:240 - Cannot read IP mode file for STMicroelectronics.X-CUBE-ALGOBUILD.1.4.0
2024-08-29 08:34:28,163 [WARN] PackLoader:240 - Cannot read IP mode file for STMicroelectronics.X-CUBE-GNSS1.6.0.0
2024-08-29 08:34:28,176 [WARN] PackLoader:240 - Cannot read IP mode file for STMicroelectronics.X-CUBE-AZRTOS-F4.1.1.0
2024-08-29 08:34:28,181 [WARN] PackLoader:240 - Cannot read IP mode file for wolfSSL.I-CUBE-wolfSSL.5.6.4
2024-08-29 08:34:28,185 [WARN] PackLoader:240 - Cannot read IP mode file for STMicroelectronics.X-CUBE-FREERTOS.1.2.0
2024-08-29 08:34:28,204 [WARN] PackLoader:240 - Cannot read IP mode file for STMicroelectronics.X-CUBE-AZRTOS-L5.2.0.0
2024-08-29 08:34:28,212 [WARN] PackLoader:240 - Cannot read IP mode file for STMicroelectronics.X-CUBE-EEPRMA1.4.2.0
2024-08-29 08:34:28,220 [WARN] PackLoader:240 - Cannot read IP mode file for STMicroelectronics.X-CUBE-NFC6.3.1.0
2024-08-29 08:34:28,228 [WARN] PackLoader:240 - Cannot read IP mode file for ITTIA_DB.I-CUBE-ITTIADB.8.8.0
2024-08-29 08:34:28,236 [WARN] PackLoader:240 - Cannot read IP mode file for STMicroelectronics.X-CUBE-DPower.1.2.0
2024-08-29 08:34:28,241 [WARN] PackLoader:240 - Cannot read IP mode file for STMicroelectronics.X-CUBE-AI.9.0.0
2024-08-29 08:34:28,252 [WARN] ConditionMgr:438 - getConditionDescription Invalid condition id : UX DEVICE CLASS RTOS Condition cause : null
2024-08-29 08:34:28,253 [WARN] ConditionMgr:438 - getConditionDescription Invalid condition id : UX DEVICE CLASS RTOS Condition cause : null
2024-08-29 08:34:28,255 [WARN] PackLoader:240 - Cannot read IP mode file for STMicroelectronics.X-CUBE-AZRTOS-H7.3.1.0
2024-08-29 08:34:28,256 [WARN] ConditionMgr:1039 - genDependencies : Invalid condition id : UX DEVICE CLASS RTOS Condition cause : null
2024-08-29 08:34:28,256 [WARN] ConditionMgr:1039 - genDependencies : Invalid condition id : UX DEVICE CLASS RTOS Condition cause : null
2024-08-29 08:34:28,256 [WARN] ConditionMgr:1039 - genDependencies : Invalid condition id : UX DEVICE CLASS RTOS Condition cause : null
2024-08-29 08:34:28,257 [WARN] ConditionMgr:1039 - genDependencies : Invalid condition id : UX DEVICE CLASS RTOS Condition cause : null
2024-08-29 08:34:28,257 [WARN] ConditionMgr:1039 - genDependencies : Invalid condition id : UX DEVICE CLASS RTOS Condition cause : null
2024-08-29 08:34:28,262 [WARN] PackLoader:240 - Cannot read IP mode file for STMicroelectronics.X-CUBE-NFC7.1.0.1
2024-08-29 08:34:28,266 [WARN] PackLoader:240 - Cannot read IP mode file for wolfSSL.I-CUBE-wolfTPM.3.2.0
2024-08-29 08:34:28,279 [WARN] PackLoader:240 - Cannot read IP mode file for STMicroelectronics.X-CUBE-NFC6.3.0.0
2024-08-29 08:34:28,283 [WARN] PackLoader:240 - Cannot read IP mode file for STMicroelectronics.X-CUBE-AI.8.1.0
2024-08-29 08:34:28,299 [WARN] ConditionMgr:438 - getConditionDescription Invalid condition id : LAN8742 Phy interface Condition cause : null
2024-08-29 08:34:28,299 [WARN] PackLoader:240 - Cannot read IP mode file for STMicroelectronics.X-CUBE-AZRTOS-L4.2.0.0
2024-08-29 08:34:28,300 [WARN] ConditionMgr:1039 - genDependencies : Invalid condition id : LAN8742 Phy interface Condition cause : null
2024-08-29 08:34:28,300 [WARN] ConditionMgr:1039 - genDependencies : Invalid condition id : LAN8742 Phy interface Condition cause : null
2024-08-29 08:34:28,301 [WARN] ConditionMgr:1039 - genDependencies : Invalid condition id : LAN8742 Phy interface Condition cause : null
2024-08-29 08:34:28,307 [WARN] PackLoader:240 - Cannot read IP mode file for STMicroelectronics.X-CUBE-SFXS2LP1.4.0.0
2024-08-29 08:34:28,311 [WARN] PackLoader:240 - Cannot read IP mode file for STMicroelectronics.X-CUBE-ISPU.1.1.0
2024-08-29 08:34:28,323 [WARN] PackLoader:240 - Cannot read IP mode file for STMicroelectronics.X-CUBE-AZRTOS-H7.3.3.0
2024-08-29 08:34:28,335 [WARN] ConditionMgr:438 - getConditionDescription Invalid condition id : UX DEVICE CLASS RTOS Condition cause : null
2024-08-29 08:34:28,335 [WARN] ConditionMgr:438 - getConditionDescription Invalid condition id : UX DEVICE CLASS RTOS Condition cause : null
2024-08-29 08:34:28,337 [WARN] PackLoader:240 - Cannot read IP mode file for STMicroelectronics.X-CUBE-AZRTOS-WB.2.0.0
2024-08-29 08:34:28,337 [WARN] ConditionMgr:1039 - genDependencies : Invalid condition id : UX DEVICE CLASS RTOS Condition cause : null
2024-08-29 08:34:28,337 [WARN] ConditionMgr:1039 - genDependencies : Invalid condition id : UX DEVICE CLASS RTOS Condition cause : null
2024-08-29 08:34:28,338 [WARN] ConditionMgr:1039 - genDependencies : Invalid condition id : UX DEVICE CLASS RTOS Condition cause : null
2024-08-29 08:34:28,338 [WARN] ConditionMgr:1039 - genDependencies : Invalid condition id : UX DEVICE CLASS RTOS Condition cause : null
2024-08-29 08:34:28,338 [WARN] ConditionMgr:1039 - genDependencies : Invalid condition id : UX DEVICE CLASS RTOS Condition cause : null
2024-08-29 08:34:28,347 [WARN] PackLoader:240 - Cannot read IP mode file for STMicroelectronics.FP-SNS-STBOX1.2.0.0
2024-08-29 08:34:28,356 [WARN] PackLoader:240 - Cannot read IP mode file for STMicroelectronics.X-CUBE-SUBG2.5.0.0
2024-08-29 08:34:28,370 [WARN] PackLoader:240 - Cannot read IP mode file for STMicroelectronics.X-CUBE-AZRTOS-G4.2.0.0
2024-08-29 08:34:28,380 [WARN] PackLoader:240 - Cannot read IP mode file for Infineon.AIROC-Wi-Fi-Bluetooth-STM32.1.5.1
2024-08-29 08:34:28,386 [WARN] PackLoader:240 - Cannot read IP mode file for STMicroelectronics.FP-SNS-MOTENVWB1.1.3.0
2024-08-29 08:34:28,389 [WARN] PackLoader:240 - Cannot read IP mode file for STMicroelectronics.FP-SNS-MOTENVWB1.1.3.1
2024-08-29 08:34:28,393 [WARN] PackLoader:240 - Cannot read IP mode file for STMicroelectronics.X-CUBE-ISPU.2.0.0
2024-08-29 08:34:28,397 [WARN] PackLoader:240 - Cannot read IP mode file for STMicroelectronics.X-CUBE-ALS.1.0.2
2024-08-29 08:34:28,419 [WARN] PackLoader:240 - Cannot read IP mode file for STMicroelectronics.X-CUBE-MEMS1.10.0.0
2024-08-29 08:34:28,550 [WARN] PackLoader:240 - Cannot read IP mode file for STMicroelectronics.X-CUBE-FREERTOS.1.1.0
2024-08-29 08:34:28,554 [WARN] PackLoader:240 - Cannot read IP mode file for STMicroelectronics.X-CUBE-TOUCHGFX.4.24.0
2024-08-29 08:34:28,560 [WARN] PackLoader:240 - Cannot read IP mode file for portGmbH.I-Cube-SoM-uGOAL.1.1.0
2024-08-29 08:34:28,564 [WARN] PackLoader:240 - Cannot read IP mode file for STMicroelectronics.X-CUBE-ALS.1.0.1
2024-08-29 08:34:28,582 [WARN] PackLoader:240 - Cannot read IP mode file for STMicroelectronics.X-CUBE-AZRTOS-H7RS.1.0.0
2024-08-29 08:34:28,590 [WARN] PackLoader:240 - Cannot read IP mode file for STMicroelectronics.FP-ATR-ASTRA1.2.0.0
2024-08-29 08:34:28,597 [WARN] PackLoader:240 - Cannot read IP mode file for STMicroelectronics.X-CUBE-TOF1.3.4.2
2024-08-29 08:34:28,612 [WARN] PackLoader:240 - Cannot read IP mode file for STMicroelectronics.X-CUBE-TOF1.3.4.0
2024-08-29 08:34:28,636 [WARN] PackLoader:240 - Cannot read IP mode file for STMicroelectronics.X-CUBE-TOF1.3.4.1
2024-08-29 08:34:28,675 [WARN] PackLoader:240 - Cannot read IP mode file for STMicroelectronics.X-CUBE-AZRTOS-H7.3.2.0
2024-08-29 08:34:28,684 [WARN] PackLoader:240 - Cannot read IP mode file for wolfSSL.I-CUBE-wolfSSH.1.4.17
2024-08-29 08:34:28,685 [INFO] ThirdParty:978 - Integrity check success = true
2024-08-29 08:34:28,685 [INFO] IntegrityCheckThread:100 - exiting critical section [integrity check]
2024-08-29 08:34:28,685 [INFO] IntegrityCheckThread:103 - End integrity checks thread
2024-08-29 08:34:29,744 [INFO] WebApp:448 - Apply proxy settings
2024-08-29 08:34:29,745 [INFO] WebApp:533 - Chromium requires no authentication
2024-08-29 08:34:29,755 [INFO] WebApp:476 - Direct internet connection detected
2024-08-29 08:34:29,784 [INFO] WebApp:869 - Register for checkConnection events
2024-08-29 08:34:29,785 [INFO] WebApp:448 - Apply proxy settings
2024-08-29 08:34:29,785 [INFO] WebApp:533 - Chromium requires no authentication
2024-08-29 08:34:29,786 [INFO] WebApp:476 - Direct internet connection detected
2024-08-29 08:34:29,983 [INFO] WebApp:220 - Starting web application
2024-08-29 08:34:29,983 [INFO] WebApp:578 - Web application path used C:\ST\STM32CubeIDE_1.14.0\STM32CubeIDE\plugins\com.st.stm32cube.common.mx_6.12.0.202406281431\db\plugins\mcufinder\reactClient1\index.html
2024-08-29 08:34:30,093 [INFO] UserAuth:417 - Internet connection configuration mode: 1
2024-08-29 08:34:30,124 [INFO] WebApp:186 - Connection restablished
2024-08-29 10:54:58,091 [ERROR] LogOutputStream:75 - [STDERR_REDIRECT] 
