2024-08-30 11:31:43,489 [INFO] Activator:176 - 


2024-08-30 11:31:43,493 [INFO] Activator:177 - !SESSION log4j initialized
2024-08-30 11:31:49,272 [INFO] LogOutputStream:77 - [STDOUT_REDIRECT] 
2024-08-30 11:31:55,364 [INFO] ApplicationProperties:184 - Using Application install path: C:\ST\STM32CubeIDE_1.14.0\STM32CubeIDE\plugins\com.st.stm32cube.common.mx_6.12.0.202406281431
2024-08-30 11:31:55,379 [INFO] DbMcusXml:78 - Set database path to: C:\ST\STM32CubeIDE_1.14.0\STM32CubeIDE\plugins\com.st.stm32cube.common.mx_6.12.0.202406281431\\db\/mcu/
2024-08-30 11:31:55,379 [INFO] ApiDb:274 - Set plugin database path to: C:\ST\STM32CubeIDE_1.14.0\STM32CubeIDE\plugins\com.st.stm32cube.common.mx_6.12.0.202406281431\\db\/plugins/boardmanager/
2024-08-30 11:31:55,380 [WARN] ApiDb:259 - Overriding images path with different value:  => C:\ST\STM32CubeIDE_1.14.0\STM32CubeIDE\plugins\com.st.stm32cube.common.mx_6.12.0.202406281431\\db\/plugins/mcufinder/images/
2024-08-30 11:31:55,388 [INFO] ApiDb:250 - Set database path to: C:\Users\leand\.stmcufinder\plugins\mcufinder//mcu/
2024-08-30 11:31:55,389 [INFO] DbMcusAds:125 - Set database path to: C:\Users\leand\.stmcufinder\plugins\mcufinder//mcu/
2024-08-30 11:31:55,391 [INFO] CrossReferenceDbSqlite:203 - Set database path to: C:\Users\leand\.stmcufinder\plugins\mcufinder//mcu/cs/
2024-08-30 11:31:55,469 [INFO] RulesReader:64 - Compatibility file has been processed (297 Rules)
2024-08-30 11:31:55,528 [INFO] DbMcusXml:78 - Set database path to: C:\ST\STM32CubeIDE_1.14.0\STM32CubeIDE\plugins\com.st.stm32cube.common.mx_6.12.0.202406281431\\db\/mcu/
2024-08-30 11:31:55,528 [INFO] ApiDb:274 - Set plugin database path to: C:\ST\STM32CubeIDE_1.14.0\STM32CubeIDE\plugins\com.st.stm32cube.common.mx_6.12.0.202406281431\\db\/plugins/boardmanager/
2024-08-30 11:31:55,528 [INFO] ApiDb:261 - Set plugin images path to: C:\ST\STM32CubeIDE_1.14.0\STM32CubeIDE\plugins\com.st.stm32cube.common.mx_6.12.0.202406281431\\db\/plugins/mcufinder/images/
2024-08-30 11:31:55,528 [WARN] DbFile:41 - Overriding database path with different value: C:\Users\leand\.stmcufinder\plugins\mcufinder/ => C:\Users\leand\.stmcufinder\plugins\mcufinder
2024-08-30 11:31:55,528 [INFO] ApiDb:250 - Set database path to: C:\Users\leand\.stmcufinder\plugins\mcufinder//mcu/
2024-08-30 11:31:55,529 [WARN] DbFile:41 - Overriding database path with different value: C:\Users\leand\.stmcufinder\plugins\mcufinder/ => C:\Users\leand\.stmcufinder\plugins\mcufinder
2024-08-30 11:31:55,529 [INFO] DbMcusAds:125 - Set database path to: C:\Users\leand\.stmcufinder\plugins\mcufinder//mcu/
2024-08-30 11:31:55,529 [WARN] DbFile:41 - Overriding database path with different value: C:\Users\leand\.stmcufinder\plugins\mcufinder/ => C:\Users\leand\.stmcufinder\plugins\mcufinder
2024-08-30 11:31:55,529 [WARN] DbFile:41 - Overriding database path with different value: C:\Users\leand\.stmcufinder\plugins\mcufinder/ => C:\Users\leand\.stmcufinder\plugins\mcufinder
2024-08-30 11:31:55,529 [INFO] CrossReferenceDbSqlite:203 - Set database path to: C:\Users\leand\.stmcufinder\plugins\mcufinder//mcu/cs/
2024-08-30 11:31:55,587 [INFO] MainPanel:268 - HeapMemory: 268435456
2024-08-30 11:31:55,660 [INFO] DbMcusXml:78 - Set database path to: C:\ST\STM32CubeIDE_1.14.0\STM32CubeIDE\plugins\com.st.stm32cube.common.mx_6.12.0.202406281431\\db\/mcu/
2024-08-30 11:31:55,661 [INFO] ApiDb:274 - Set plugin database path to: C:\ST\STM32CubeIDE_1.14.0\STM32CubeIDE\plugins\com.st.stm32cube.common.mx_6.12.0.202406281431\\db\/plugins/boardmanager/
2024-08-30 11:31:55,661 [INFO] ApiDb:261 - Set plugin images path to: C:\ST\STM32CubeIDE_1.14.0\STM32CubeIDE\plugins\com.st.stm32cube.common.mx_6.12.0.202406281431\\db\/plugins/mcufinder/images/
2024-08-30 11:31:55,661 [WARN] DbFile:41 - Overriding database path with different value: C:\Users\leand\.stmcufinder\plugins\mcufinder/ => C:\Users\leand\.stmcufinder\plugins\mcufinder
2024-08-30 11:31:55,661 [INFO] ApiDb:250 - Set database path to: C:\Users\leand\.stmcufinder\plugins\mcufinder//mcu/
2024-08-30 11:31:55,661 [WARN] DbFile:41 - Overriding database path with different value: C:\Users\leand\.stmcufinder\plugins\mcufinder/ => C:\Users\leand\.stmcufinder\plugins\mcufinder
2024-08-30 11:31:55,661 [INFO] DbMcusAds:125 - Set database path to: C:\Users\leand\.stmcufinder\plugins\mcufinder//mcu/
2024-08-30 11:31:55,661 [WARN] DbFile:41 - Overriding database path with different value: C:\Users\leand\.stmcufinder\plugins\mcufinder/ => C:\Users\leand\.stmcufinder\plugins\mcufinder
2024-08-30 11:31:55,661 [WARN] DbFile:41 - Overriding database path with different value: C:\Users\leand\.stmcufinder\plugins\mcufinder/ => C:\Users\leand\.stmcufinder\plugins\mcufinder
2024-08-30 11:31:55,661 [INFO] CrossReferenceDbSqlite:203 - Set database path to: C:\Users\leand\.stmcufinder\plugins\mcufinder//mcu/cs/
2024-08-30 11:31:55,673 [INFO] ApplicationProperties:184 - Using Application install path: C:\ST\STM32CubeIDE_1.14.0\STM32CubeIDE\plugins\com.st.stm32cube.common.mx_6.12.0.202406281431
2024-08-30 11:31:55,674 [INFO] PluginManage:196 - Search for loadable plugins [exclusion list=, ]
2024-08-30 11:31:55,675 [INFO] PluginManage:310 - Check plugin analytics
2024-08-30 11:31:55,825 [INFO] AnalyticsPlugin:253 - Accepted Software Licenses: 
2024-08-30 11:31:55,825 [INFO] AnalyticsPlugin:255 - Accepted CMSIS Pack Licenses: 
2024-08-30 11:31:55,825 [INFO] AnalyticsPlugin:257 - Accepted Firmware Licenses: FW.F4.1.28.0,FW.H7.1.11.0
2024-08-30 11:31:55,829 [INFO] PluginManage:359 - Loaded plugin analytics (category:tool,tabindex:-1)
2024-08-30 11:31:55,829 [INFO] PluginManage:310 - Check plugin cadmodel
2024-08-30 11:31:55,842 [INFO] CADModel:105 - Init CAD model plugin
2024-08-30 11:31:55,843 [INFO] PluginManage:359 - Loaded plugin cadmodel (category:power,tabindex:5)
2024-08-30 11:31:55,843 [INFO] PluginManage:310 - Check plugin clock
2024-08-30 11:31:55,859 [INFO] PluginManage:359 - Loaded plugin clock (category:base,tabindex:2)
2024-08-30 11:31:55,859 [INFO] PluginManage:310 - Check plugin ddr
2024-08-30 11:31:55,861 [INFO] PluginManage:359 - Loaded plugin ddr (category:tool,tabindex:6)
2024-08-30 11:31:55,861 [INFO] PluginManage:310 - Check plugin filemanager
2024-08-30 11:31:55,963 [INFO] PluginManage:359 - Loaded plugin filemanager (category:base,tabindex:10)
2024-08-30 11:31:55,963 [INFO] PluginManage:310 - Check plugin ipmanager
2024-08-30 11:31:55,969 [INFO] PluginManage:359 - Loaded plugin ipmanager (category:base,tabindex:5)
2024-08-30 11:31:55,969 [INFO] PluginManage:310 - Check plugin lpbam
2024-08-30 11:31:55,985 [INFO] PluginManage:359 - Loaded plugin lpbam (category:base,tabindex:0)
2024-08-30 11:31:55,985 [INFO] PluginManage:310 - Check plugin memorymap
2024-08-30 11:31:56,005 [INFO] PluginManage:359 - Loaded plugin memorymap (category:base,tabindex:4)
2024-08-30 11:31:56,005 [INFO] PluginManage:310 - Check plugin pinoutandconfiguration
2024-08-30 11:31:56,020 [INFO] PluginManage:359 - Loaded plugin pinoutandconfiguration (category:base,tabindex:1)
2024-08-30 11:31:56,020 [INFO] PluginManage:310 - Check plugin pinoutconfig
2024-08-30 11:31:56,091 [WARN] SupportedApi:132 - Cannot load RTOS API schema: s4s-elt-must-match.1: The content of 'definitions' must match (annotation?, (simpleType | complexType)?, (unique | key | keyref)*)). A problem was found starting at: attribute.
2024-08-30 11:31:56,195 [INFO] PluginManage:359 - Loaded plugin pinoutconfig (category:base,tabindex:0)
2024-08-30 11:31:56,195 [INFO] PluginManage:310 - Check plugin power
2024-08-30 11:31:56,209 [INFO] PluginManage:359 - Loaded plugin power (category:power,tabindex:4)
2024-08-30 11:31:56,209 [INFO] PluginManage:310 - Check plugin projectmanager
2024-08-30 11:31:56,221 [INFO] PluginManage:359 - Loaded plugin projectmanager (category:projectmanager,tabindex:4)
2024-08-30 11:31:56,222 [INFO] PluginManage:310 - Check plugin rif
2024-08-30 11:31:56,232 [INFO] PluginManage:359 - Loaded plugin rif (category:base,tabindex:3)
2024-08-30 11:31:56,232 [INFO] PluginManage:310 - Check plugin thirdparty
2024-08-30 11:31:56,471 [INFO] PluginManage:359 - Loaded plugin thirdparty (category:base,tabindex:-1)
2024-08-30 11:31:56,471 [WARN] IntegrityCheckThread:84 - waiting for thirdparty lock release [integrity check]
2024-08-30 11:31:56,471 [INFO] PluginManage:310 - Check plugin tools
2024-08-30 11:31:56,471 [INFO] IntegrityCheckThread:86 - entering critical section [integrity check]
2024-08-30 11:31:56,472 [INFO] ThirdPartyUpdaterWithRetryManager:70 - Updater plugin not ready yet. [1/15]
2024-08-30 11:31:56,506 [INFO] PluginManage:359 - Loaded plugin tools (category:base,tabindex:7)
2024-08-30 11:31:56,506 [INFO] PluginManage:310 - Check plugin tutovideos
2024-08-30 11:31:56,729 [INFO] PluginManage:359 - Loaded plugin tutovideos (category:base,tabindex:-1)
2024-08-30 11:31:56,729 [INFO] PluginManage:310 - Check plugin updater
2024-08-30 11:31:56,750 [INFO] PluginManage:359 - Loaded plugin updater (category:base,tabindex:12)
2024-08-30 11:31:56,751 [INFO] PluginManage:310 - Check plugin userauth
2024-08-30 11:31:56,757 [INFO] UserAuth:113 - Init User Auth plugin
2024-08-30 11:31:56,758 [INFO] PluginManage:359 - Loaded plugin userauth (category:base,tabindex:14)
2024-08-30 11:31:56,758 [INFO] PluginManage:283 - PluginManage : Loaded plugins [18]
2024-08-30 11:31:57,022 [INFO] PinOutPanel:1561 - setPackage(No Configuration,No Configuration)
2024-08-30 11:31:57,149 [INFO] CADModel:165 - CPN selected for project level
2024-08-30 11:31:57,149 [INFO] CADModel:114 - Register for checkConnection events
2024-08-30 11:31:57,179 [INFO] IPUIPlugin:80 - create IPUIPlugin
2024-08-30 11:31:57,180 [INFO] PluginManager:220 - loadIPPluginJar : add adc
2024-08-30 11:31:57,254 [INFO] IPUIPlugin:80 - create IPUIPlugin
2024-08-30 11:31:57,255 [INFO] PluginManager:220 - loadIPPluginJar : add aes
2024-08-30 11:31:57,366 [INFO] IPUIPlugin:80 - create IPUIPlugin
2024-08-30 11:31:57,367 [INFO] PluginManager:220 - loadIPPluginJar : add can
2024-08-30 11:31:57,430 [INFO] IPUIPlugin:80 - create IPUIPlugin
2024-08-30 11:31:57,430 [INFO] PluginManager:220 - loadIPPluginJar : add comp
2024-08-30 11:31:57,521 [INFO] IPUIPlugin:80 - create IPUIPlugin
2024-08-30 11:31:57,522 [INFO] PluginManager:220 - loadIPPluginJar : add cryp
2024-08-30 11:31:57,551 [INFO] IPUIPlugin:80 - create IPUIPlugin
2024-08-30 11:31:57,552 [INFO] PluginManager:220 - loadIPPluginJar : add ddr_ctrl_phy
2024-08-30 11:31:57,588 [INFO] IPUIPlugin:80 - create IPUIPlugin
2024-08-30 11:31:57,588 [INFO] PluginManager:220 - loadIPPluginJar : add dfsdm
2024-08-30 11:31:57,615 [INFO] IPUIPlugin:80 - create IPUIPlugin
2024-08-30 11:31:57,617 [INFO] PluginManager:220 - loadIPPluginJar : add dma
2024-08-30 11:31:57,731 [INFO] IPUIPlugin:80 - create IPUIPlugin
2024-08-30 11:31:57,732 [INFO] PluginManager:220 - loadIPPluginJar : add dma3
