2024-08-28 19:18:29,130 [INFO] Activator:176 - 


2024-08-28 19:18:29,135 [INFO] Activator:177 - !SESSION log4j initialized
2024-08-28 19:18:36,775 [INFO] LogOutputStream:77 - [STDOUT_REDIRECT] 
2024-08-28 19:18:39,416 [INFO] ApplicationProperties:184 - Using Application install path: C:\ST\STM32CubeIDE_1.14.0\STM32CubeIDE\plugins\com.st.stm32cube.common.mx_6.12.0.202406281431
2024-08-28 19:18:39,442 [INFO] DbMcusXml:78 - Set database path to: C:\ST\STM32CubeIDE_1.14.0\STM32CubeIDE\plugins\com.st.stm32cube.common.mx_6.12.0.202406281431\\db\/mcu/
2024-08-28 19:18:39,443 [INFO] ApiDb:274 - Set plugin database path to: C:\ST\STM32CubeIDE_1.14.0\STM32CubeIDE\plugins\com.st.stm32cube.common.mx_6.12.0.202406281431\\db\/plugins/boardmanager/
2024-08-28 19:18:39,445 [WARN] ApiDb:259 - Overriding images path with different value:  => C:\ST\STM32CubeIDE_1.14.0\STM32CubeIDE\plugins\com.st.stm32cube.common.mx_6.12.0.202406281431\\db\/plugins/mcufinder/images/
2024-08-28 19:18:39,457 [INFO] ApiDb:250 - Set database path to: C:\Users\leand\.stmcufinder\plugins\mcufinder//mcu/
2024-08-28 19:18:39,459 [INFO] DbMcusAds:125 - Set database path to: C:\Users\leand\.stmcufinder\plugins\mcufinder//mcu/
2024-08-28 19:18:39,462 [INFO] CrossReferenceDbSqlite:203 - Set database path to: C:\Users\leand\.stmcufinder\plugins\mcufinder//mcu/cs/
2024-08-28 19:18:39,700 [INFO] RulesReader:64 - Compatibility file has been processed (297 Rules)
2024-08-28 19:18:39,828 [INFO] DbMcusXml:78 - Set database path to: C:\ST\STM32CubeIDE_1.14.0\STM32CubeIDE\plugins\com.st.stm32cube.common.mx_6.12.0.202406281431\\db\/mcu/
2024-08-28 19:18:39,829 [INFO] ApiDb:274 - Set plugin database path to: C:\ST\STM32CubeIDE_1.14.0\STM32CubeIDE\plugins\com.st.stm32cube.common.mx_6.12.0.202406281431\\db\/plugins/boardmanager/
2024-08-28 19:18:39,829 [INFO] ApiDb:261 - Set plugin images path to: C:\ST\STM32CubeIDE_1.14.0\STM32CubeIDE\plugins\com.st.stm32cube.common.mx_6.12.0.202406281431\\db\/plugins/mcufinder/images/
2024-08-28 19:18:39,829 [WARN] DbFile:41 - Overriding database path with different value: C:\Users\leand\.stmcufinder\plugins\mcufinder/ => C:\Users\leand\.stmcufinder\plugins\mcufinder
2024-08-28 19:18:39,830 [INFO] ApiDb:250 - Set database path to: C:\Users\leand\.stmcufinder\plugins\mcufinder//mcu/
2024-08-28 19:18:39,830 [WARN] DbFile:41 - Overriding database path with different value: C:\Users\leand\.stmcufinder\plugins\mcufinder/ => C:\Users\leand\.stmcufinder\plugins\mcufinder
2024-08-28 19:18:39,830 [INFO] DbMcusAds:125 - Set database path to: C:\Users\leand\.stmcufinder\plugins\mcufinder//mcu/
2024-08-28 19:18:39,830 [WARN] DbFile:41 - Overriding database path with different value: C:\Users\leand\.stmcufinder\plugins\mcufinder/ => C:\Users\leand\.stmcufinder\plugins\mcufinder
2024-08-28 19:18:39,830 [WARN] DbFile:41 - Overriding database path with different value: C:\Users\leand\.stmcufinder\plugins\mcufinder/ => C:\Users\leand\.stmcufinder\plugins\mcufinder
2024-08-28 19:18:39,830 [INFO] CrossReferenceDbSqlite:203 - Set database path to: C:\Users\leand\.stmcufinder\plugins\mcufinder//mcu/cs/
2024-08-28 19:18:39,996 [INFO] MainPanel:268 - HeapMemory: 268435456
2024-08-28 19:18:40,186 [INFO] DbMcusXml:78 - Set database path to: C:\ST\STM32CubeIDE_1.14.0\STM32CubeIDE\plugins\com.st.stm32cube.common.mx_6.12.0.202406281431\\db\/mcu/
2024-08-28 19:18:40,186 [INFO] ApiDb:274 - Set plugin database path to: C:\ST\STM32CubeIDE_1.14.0\STM32CubeIDE\plugins\com.st.stm32cube.common.mx_6.12.0.202406281431\\db\/plugins/boardmanager/
2024-08-28 19:18:40,186 [INFO] ApiDb:261 - Set plugin images path to: C:\ST\STM32CubeIDE_1.14.0\STM32CubeIDE\plugins\com.st.stm32cube.common.mx_6.12.0.202406281431\\db\/plugins/mcufinder/images/
2024-08-28 19:18:40,186 [WARN] DbFile:41 - Overriding database path with different value: C:\Users\leand\.stmcufinder\plugins\mcufinder/ => C:\Users\leand\.stmcufinder\plugins\mcufinder
2024-08-28 19:18:40,186 [INFO] ApiDb:250 - Set database path to: C:\Users\leand\.stmcufinder\plugins\mcufinder//mcu/
2024-08-28 19:18:40,186 [WARN] DbFile:41 - Overriding database path with different value: C:\Users\leand\.stmcufinder\plugins\mcufinder/ => C:\Users\leand\.stmcufinder\plugins\mcufinder
2024-08-28 19:18:40,187 [INFO] DbMcusAds:125 - Set database path to: C:\Users\leand\.stmcufinder\plugins\mcufinder//mcu/
2024-08-28 19:18:40,187 [WARN] DbFile:41 - Overriding database path with different value: C:\Users\leand\.stmcufinder\plugins\mcufinder/ => C:\Users\leand\.stmcufinder\plugins\mcufinder
2024-08-28 19:18:40,187 [WARN] DbFile:41 - Overriding database path with different value: C:\Users\leand\.stmcufinder\plugins\mcufinder/ => C:\Users\leand\.stmcufinder\plugins\mcufinder
2024-08-28 19:18:40,187 [INFO] CrossReferenceDbSqlite:203 - Set database path to: C:\Users\leand\.stmcufinder\plugins\mcufinder//mcu/cs/
2024-08-28 19:18:40,220 [INFO] ApplicationProperties:184 - Using Application install path: C:\ST\STM32CubeIDE_1.14.0\STM32CubeIDE\plugins\com.st.stm32cube.common.mx_6.12.0.202406281431
2024-08-28 19:18:40,221 [INFO] PluginManage:196 - Search for loadable plugins [exclusion list=, ]
2024-08-28 19:18:40,224 [INFO] PluginManage:310 - Check plugin analytics
2024-08-28 19:18:40,511 [INFO] AnalyticsPlugin:253 - Accepted Software Licenses: 
2024-08-28 19:18:40,512 [INFO] AnalyticsPlugin:255 - Accepted CMSIS Pack Licenses: 
2024-08-28 19:18:40,513 [INFO] AnalyticsPlugin:257 - Accepted Firmware Licenses: FW.F4.1.28.0,FW.H7.1.11.0
2024-08-28 19:18:40,516 [INFO] PluginManage:359 - Loaded plugin analytics (category:tool,tabindex:-1)
2024-08-28 19:18:40,519 [INFO] PluginManage:310 - Check plugin cadmodel
2024-08-28 19:18:40,536 [INFO] CADModel:105 - Init CAD model plugin
2024-08-28 19:18:40,537 [INFO] PluginManage:359 - Loaded plugin cadmodel (category:power,tabindex:5)
2024-08-28 19:18:40,537 [INFO] PluginManage:310 - Check plugin clock
2024-08-28 19:18:40,562 [INFO] PluginManage:359 - Loaded plugin clock (category:base,tabindex:2)
2024-08-28 19:18:40,562 [INFO] PluginManage:310 - Check plugin ddr
2024-08-28 19:18:40,566 [INFO] PluginManage:359 - Loaded plugin ddr (category:tool,tabindex:6)
2024-08-28 19:18:40,566 [INFO] PluginManage:310 - Check plugin filemanager
2024-08-28 19:18:40,759 [INFO] PluginManage:359 - Loaded plugin filemanager (category:base,tabindex:10)
2024-08-28 19:18:40,759 [INFO] PluginManage:310 - Check plugin ipmanager
2024-08-28 19:18:40,768 [INFO] PluginManage:359 - Loaded plugin ipmanager (category:base,tabindex:5)
2024-08-28 19:18:40,769 [INFO] PluginManage:310 - Check plugin lpbam
2024-08-28 19:18:40,795 [INFO] PluginManage:359 - Loaded plugin lpbam (category:base,tabindex:0)
2024-08-28 19:18:40,795 [INFO] PluginManage:310 - Check plugin memorymap
2024-08-28 19:18:40,833 [INFO] PluginManage:359 - Loaded plugin memorymap (category:base,tabindex:4)
2024-08-28 19:18:40,833 [INFO] PluginManage:310 - Check plugin pinoutandconfiguration
2024-08-28 19:18:40,863 [INFO] PluginManage:359 - Loaded plugin pinoutandconfiguration (category:base,tabindex:1)
2024-08-28 19:18:40,863 [INFO] PluginManage:310 - Check plugin pinoutconfig
2024-08-28 19:18:40,997 [WARN] SupportedApi:132 - Cannot load RTOS API schema: s4s-elt-must-match.1: The content of 'definitions' must match (annotation?, (simpleType | complexType)?, (unique | key | keyref)*)). A problem was found starting at: attribute.
2024-08-28 19:18:41,210 [INFO] PluginManage:359 - Loaded plugin pinoutconfig (category:base,tabindex:0)
2024-08-28 19:18:41,211 [INFO] PluginManage:310 - Check plugin power
2024-08-28 19:18:41,241 [INFO] PluginManage:359 - Loaded plugin power (category:power,tabindex:4)
2024-08-28 19:18:41,241 [INFO] PluginManage:310 - Check plugin projectmanager
2024-08-28 19:18:41,269 [INFO] PluginManage:359 - Loaded plugin projectmanager (category:projectmanager,tabindex:4)
2024-08-28 19:18:41,269 [INFO] PluginManage:310 - Check plugin rif
2024-08-28 19:18:41,292 [INFO] PluginManage:359 - Loaded plugin rif (category:base,tabindex:3)
2024-08-28 19:18:41,292 [INFO] PluginManage:310 - Check plugin thirdparty
2024-08-28 19:18:41,702 [INFO] PluginManage:359 - Loaded plugin thirdparty (category:base,tabindex:-1)
2024-08-28 19:18:41,703 [INFO] PluginManage:310 - Check plugin tools
2024-08-28 19:18:41,703 [WARN] IntegrityCheckThread:84 - waiting for thirdparty lock release [integrity check]
2024-08-28 19:18:41,703 [INFO] IntegrityCheckThread:86 - entering critical section [integrity check]
2024-08-28 19:18:41,704 [INFO] ThirdPartyUpdaterWithRetryManager:70 - Updater plugin not ready yet. [1/15]
2024-08-28 19:18:41,775 [INFO] PluginManage:359 - Loaded plugin tools (category:base,tabindex:7)
2024-08-28 19:18:41,775 [INFO] PluginManage:310 - Check plugin tutovideos
2024-08-28 19:18:42,050 [INFO] PluginManage:359 - Loaded plugin tutovideos (category:base,tabindex:-1)
2024-08-28 19:18:42,051 [INFO] PluginManage:310 - Check plugin updater
2024-08-28 19:18:42,162 [INFO] PluginManage:359 - Loaded plugin updater (category:base,tabindex:12)
2024-08-28 19:18:42,163 [INFO] PluginManage:310 - Check plugin userauth
2024-08-28 19:18:42,170 [INFO] UserAuth:113 - Init User Auth plugin
2024-08-28 19:18:42,170 [INFO] PluginManage:359 - Loaded plugin userauth (category:base,tabindex:14)
2024-08-28 19:18:42,170 [INFO] PluginManage:283 - PluginManage : Loaded plugins [18]
2024-08-28 19:18:42,500 [INFO] PinOutPanel:1561 - setPackage(No Configuration,No Configuration)
2024-08-28 19:18:42,602 [INFO] CADModel:165 - CPN selected for project level
2024-08-28 19:18:42,602 [INFO] CADModel:114 - Register for checkConnection events
2024-08-28 19:18:42,631 [INFO] IPUIPlugin:80 - create IPUIPlugin
2024-08-28 19:18:42,632 [INFO] PluginManager:220 - loadIPPluginJar : add adc
2024-08-28 19:18:42,692 [INFO] IPUIPlugin:80 - create IPUIPlugin
2024-08-28 19:18:42,693 [INFO] PluginManager:220 - loadIPPluginJar : add aes
2024-08-28 19:18:42,787 [INFO] IPUIPlugin:80 - create IPUIPlugin
2024-08-28 19:18:42,787 [INFO] PluginManager:220 - loadIPPluginJar : add can
2024-08-28 19:18:42,830 [INFO] IPUIPlugin:80 - create IPUIPlugin
2024-08-28 19:18:42,830 [INFO] PluginManager:220 - loadIPPluginJar : add comp
2024-08-28 19:18:42,894 [INFO] IPUIPlugin:80 - create IPUIPlugin
2024-08-28 19:18:42,894 [INFO] PluginManager:220 - loadIPPluginJar : add cryp
2024-08-28 19:18:42,916 [INFO] IPUIPlugin:80 - create IPUIPlugin
2024-08-28 19:18:42,917 [INFO] PluginManager:220 - loadIPPluginJar : add ddr_ctrl_phy
2024-08-28 19:18:42,970 [INFO] IPUIPlugin:80 - create IPUIPlugin
2024-08-28 19:18:42,970 [INFO] PluginManager:220 - loadIPPluginJar : add dfsdm
2024-08-28 19:18:42,992 [INFO] IPUIPlugin:80 - create IPUIPlugin
2024-08-28 19:18:42,992 [INFO] PluginManager:220 - loadIPPluginJar : add dma
2024-08-28 19:18:43,089 [INFO] IPUIPlugin:80 - create IPUIPlugin
2024-08-28 19:18:43,089 [INFO] PluginManager:220 - loadIPPluginJar : add dma3
2024-08-28 19:18:43,178 [INFO] IPUIPlugin:80 - create IPUIPlugin
2024-08-28 19:18:43,178 [INFO] PluginManager:220 - loadIPPluginJar : add extmemmanager
2024-08-28 19:18:43,219 [INFO] IPUIPlugin:80 - create IPUIPlugin
2024-08-28 19:18:43,220 [INFO] PluginManager:220 - loadIPPluginJar : add fatfs
2024-08-28 19:18:43,315 [INFO] IPUIPlugin:80 - create IPUIPlugin
2024-08-28 19:18:43,315 [INFO] PluginManager:220 - loadIPPluginJar : add fmc
2024-08-28 19:18:43,333 [INFO] IPUIPlugin:80 - create IPUIPlugin
2024-08-28 19:18:43,333 [INFO] PluginManager:220 - loadIPPluginJar : add freertos
2024-08-28 19:18:43,371 [INFO] IPUIPlugin:80 - create IPUIPlugin
2024-08-28 19:18:43,372 [INFO] PluginManager:220 - loadIPPluginJar : add genericplugin
2024-08-28 19:18:43,549 [INFO] IPUIPlugin:80 - create IPUIPlugin
2024-08-28 19:18:43,549 [INFO] PluginManager:220 - loadIPPluginJar : add gfxmmu
2024-08-28 19:18:43,852 [INFO] IPUIPlugin:80 - create IPUIPlugin
2024-08-28 19:18:43,853 [INFO] PluginManager:220 - loadIPPluginJar : add gic
2024-08-28 19:18:43,886 [INFO] IPUIPlugin:80 - create IPUIPlugin
2024-08-28 19:18:43,886 [INFO] PluginManager:220 - loadIPPluginJar : add gpio
2024-08-28 19:18:44,052 [INFO] IPUIPlugin:80 - create IPUIPlugin
2024-08-28 19:18:44,052 [INFO] PluginManager:220 - loadIPPluginJar : add gtzc
2024-08-28 19:18:44,115 [INFO] IPUIPlugin:80 - create IPUIPlugin
2024-08-28 19:18:44,116 [INFO] PluginManager:220 - loadIPPluginJar : add hash
2024-08-28 19:18:44,231 [INFO] IPUIPlugin:80 - create IPUIPlugin
2024-08-28 19:18:44,231 [INFO] PluginManager:220 - loadIPPluginJar : add i2c
2024-08-28 19:18:44,314 [INFO] IPUIPlugin:80 - create IPUIPlugin
2024-08-28 19:18:44,315 [INFO] PluginManager:220 - loadIPPluginJar : add i2s
2024-08-28 19:18:44,405 [INFO] IPUIPlugin:80 - create IPUIPlugin
2024-08-28 19:18:44,406 [INFO] PluginManager:220 - loadIPPluginJar : add i3c
2024-08-28 19:18:44,621 [INFO] IPUIPlugin:80 - create IPUIPlugin
2024-08-28 19:18:44,622 [INFO] PluginManager:220 - loadIPPluginJar : add ipddr
2024-08-28 19:18:44,711 [INFO] ThirdPartyUpdaterWithRetryManager:70 - Updater plugin not ready yet. [2/15]
2024-08-28 19:18:44,874 [INFO] IPUIPlugin:80 - create IPUIPlugin
2024-08-28 19:18:44,876 [INFO] PluginManager:220 - loadIPPluginJar : add linkedlist
2024-08-28 19:18:44,941 [INFO] IPUIPlugin:80 - create IPUIPlugin
2024-08-28 19:18:44,941 [INFO] PluginManager:220 - loadIPPluginJar : add lorawan
2024-08-28 19:18:45,031 [INFO] IPUIPlugin:80 - create IPUIPlugin
2024-08-28 19:18:45,032 [INFO] PluginManager:220 - loadIPPluginJar : add ltdc
2024-08-28 19:18:45,056 [INFO] IPUIPlugin:80 - create IPUIPlugin
2024-08-28 19:18:45,056 [INFO] PluginManager:220 - loadIPPluginJar : add mdma
2024-08-28 19:18:45,076 [INFO] IPUIPlugin:80 - create IPUIPlugin
2024-08-28 19:18:45,077 [INFO] PluginManager:220 - loadIPPluginJar : add nvic
2024-08-28 19:18:45,142 [INFO] IPUIPlugin:80 - create IPUIPlugin
2024-08-28 19:18:45,142 [INFO] PluginManager:220 - loadIPPluginJar : add opamp
2024-08-28 19:18:45,306 [INFO] IPUIPlugin:80 - create IPUIPlugin
2024-08-28 19:18:45,306 [INFO] PluginManager:220 - loadIPPluginJar : add openamp
2024-08-28 19:18:45,409 [INFO] IPUIPlugin:80 - create IPUIPlugin
2024-08-28 19:18:45,409 [INFO] PluginManager:220 - loadIPPluginJar : add pdm2pcm
2024-08-28 19:18:45,439 [INFO] IPUIPlugin:80 - create IPUIPlugin
2024-08-28 19:18:45,444 [INFO] PluginManager:220 - loadIPPluginJar : add plateformsettings
2024-08-28 19:18:45,493 [INFO] IPUIPlugin:80 - create IPUIPlugin
2024-08-28 19:18:45,493 [INFO] PluginManager:220 - loadIPPluginJar : add quadspi
2024-08-28 19:18:45,558 [INFO] IPUIPlugin:80 - create IPUIPlugin
2024-08-28 19:18:45,560 [INFO] PluginManager:220 - loadIPPluginJar : add radio
2024-08-28 19:18:45,581 [INFO] IPUIPlugin:80 - create IPUIPlugin
2024-08-28 19:18:45,581 [INFO] PluginManager:220 - loadIPPluginJar : add resmgrutility
2024-08-28 19:18:45,690 [INFO] IPUIPlugin:80 - create IPUIPlugin
2024-08-28 19:18:45,690 [INFO] PluginManager:220 - loadIPPluginJar : add sai
2024-08-28 19:18:45,773 [INFO] IPUIPlugin:80 - create IPUIPlugin
2024-08-28 19:18:45,773 [INFO] PluginManager:220 - loadIPPluginJar : add spi
2024-08-28 19:18:45,960 [INFO] IPUIPlugin:80 - create IPUIPlugin
2024-08-28 19:18:45,960 [INFO] PluginManager:220 - loadIPPluginJar : add stm32_wpan
2024-08-28 19:18:46,003 [INFO] IPUIPlugin:80 - create IPUIPlugin
2024-08-28 19:18:46,003 [INFO] PluginManager:220 - loadIPPluginJar : add tim
2024-08-28 19:18:46,157 [INFO] IPUIPlugin:80 - create IPUIPlugin
2024-08-28 19:18:46,158 [INFO] PluginManager:220 - loadIPPluginJar : add touchsensing
2024-08-28 19:18:46,216 [INFO] IPUIPlugin:80 - create IPUIPlugin
2024-08-28 19:18:46,216 [INFO] PluginManager:220 - loadIPPluginJar : add tracer_emb
2024-08-28 19:18:46,280 [INFO] IPUIPlugin:80 - create IPUIPlugin
2024-08-28 19:18:46,281 [INFO] PluginManager:220 - loadIPPluginJar : add ts
2024-08-28 19:18:46,320 [INFO] IPUIPlugin:80 - create IPUIPlugin
2024-08-28 19:18:46,321 [INFO] PluginManager:220 - loadIPPluginJar : add tsc
2024-08-28 19:18:46,373 [INFO] IPUIPlugin:80 - create IPUIPlugin
2024-08-28 19:18:46,373 [INFO] PluginManager:220 - loadIPPluginJar : add ucpd
2024-08-28 19:18:46,474 [INFO] IPUIPlugin:80 - create IPUIPlugin
2024-08-28 19:18:46,474 [INFO] PluginManager:220 - loadIPPluginJar : add usart
2024-08-28 19:18:46,593 [INFO] IPUIPlugin:80 - create IPUIPlugin
2024-08-28 19:18:46,593 [INFO] PluginManager:220 - loadIPPluginJar : add usbx
2024-08-28 19:18:46,813 [INFO] CADModel:165 - CPN selected for project level
2024-08-28 19:18:46,813 [INFO] CADModel:114 - Register for checkConnection events
2024-08-28 19:18:46,813 [FATAL] Updater:334 - Updater called before beeing initialized
2024-08-28 19:18:46,814 [ERROR] CADModel:125 - Updater not yet initialized, retry later 
2024-08-28 19:18:47,118 [INFO] CADModel:165 - CPN selected for project level
2024-08-28 19:18:47,120 [INFO] CADModel:114 - Register for checkConnection events
2024-08-28 19:18:47,120 [FATAL] Updater:334 - Updater called before beeing initialized
2024-08-28 19:18:47,120 [ERROR] CADModel:125 - Updater not yet initialized, retry later 
2024-08-28 19:18:47,128 [FATAL] Updater:334 - Updater called before beeing initialized
2024-08-28 19:18:47,396 [FATAL] Updater:334 - Updater called before beeing initialized
2024-08-28 19:18:47,413 [INFO] DbMcusAds:53 - JSON generation date=Thu May 16 11:22:00 CEST 2024 (1715851320667)
2024-08-28 19:18:47,413 [FATAL] Updater:334 - Updater called before beeing initialized
2024-08-28 19:18:47,506 [WARN] DetailPanel:346 - Failed to get advertising image, set to default
2024-08-28 19:18:47,706 [FATAL] Updater:334 - Updater called before beeing initialized
2024-08-28 19:18:47,711 [FATAL] Updater:334 - Updater called before beeing initialized
2024-08-28 19:18:47,711 [FATAL] Updater:334 - Updater called before beeing initialized
2024-08-28 19:18:47,711 [WARN] DetailPanel:346 - Failed to get advertising image, set to default
2024-08-28 19:18:47,713 [FATAL] Updater:334 - Updater called before beeing initialized
2024-08-28 19:18:47,723 [INFO] ThirdPartyUpdaterWithRetryManager:70 - Updater plugin not ready yet. [3/15]
2024-08-28 19:18:47,873 [ERROR] Updater:1164 - MainUpdater not yet initialized. External WinMGr cannot be set.
2024-08-28 19:18:47,889 [INFO] Updater:1100 - Updater Version found : 6.12.0
2024-08-28 19:18:47,925 [INFO] ApplicationProperties:184 - Using Application install path: C:\ST\STM32CubeIDE_1.14.0\STM32CubeIDE\plugins\com.st.stm32cube.common.mx_6.12.0.202406281431
2024-08-28 19:18:49,602 [ERROR] LogOutputStream:75 - [STDERR_REDIRECT] Aug 28, 2024 7:18:49 PM java.util.prefs.WindowsPreferences <init>
2024-08-28 19:18:49,605 [ERROR] LogOutputStream:75 - [STDERR_REDIRECT] WARNING: Could not open/create prefs root node Software\JavaSoft\Prefs at root 0xffffffff80000002. Windows RegCreateKeyEx(...) returned error code 5.
2024-08-28 19:18:49,606 [ERROR] LogOutputStream:75 - [STDERR_REDIRECT] 
2024-08-28 19:18:50,583 [INFO] MainUpdater:2873 - connection check result : 10
2024-08-28 19:18:50,584 [INFO] MainUpdater:3567 - Updater definition file requires update
2024-08-28 19:18:50,586 [INFO] MainUpdater:290 - Updater Check For Update Now.
2024-08-28 19:18:50,587 [INFO] MicroXplorer:498 - Change Database Version : DB.6.0.120
2024-08-28 19:18:50,619 [INFO] McuFinderGlobals:63 - Set McuFinder mode to 2 (CubeIDE integrated)
2024-08-28 19:18:50,629 [INFO] UserAuth:417 - Internet connection configuration mode: 1
2024-08-28 19:18:50,685 [INFO] JxBrowserEngine:152 - Initiate JxBrowser Engine with user profile folder
2024-08-28 19:18:50,724 [WARN] MainUpdater:1194 - Updater busy. Cannot search thirdparties
2024-08-28 19:18:50,725 [INFO] ThirdPartyUpdaterWithRetryManager:96 - Updater plugin is busy. [1/15]
2024-08-28 19:18:50,727 [INFO] ServerAccessManage:473 - Download File updaters.zip
2024-08-28 19:18:50,893 [INFO] FileExtend:240 - Unzip File : updaters.zip
2024-08-28 19:18:50,894 [INFO] FileExtend:255 - Standard Zip Deflate
2024-08-28 19:18:52,171 [INFO] ServerAccessManage:473 - Download File PacksControlFlags.xml
2024-08-28 19:18:52,306 [INFO] ServerAccessManage:473 - Download File cubemx.pidx
2024-08-28 19:18:52,559 [INFO] LoadServerUpdatesThread:375 - End of LoadServerUpdate Thread
2024-08-28 19:18:52,855 [INFO] CheckServerUpdateThread:120 - End of CheckServer Thread
2024-08-28 19:18:54,261 [WARN] PackLoader:240 - Cannot read IP mode file for STMicroelectronics.FP-SNS-MOTENVWB1.1.4.0
2024-08-28 19:18:54,296 [WARN] PackLoader:240 - Cannot read IP mode file for STMicroelectronics.X-CUBE-SMBUS.2.1.0
2024-08-28 19:18:54,324 [WARN] PackLoader:240 - Cannot read IP mode file for STMicroelectronics.X-CUBE-TOUCHGFX.4.23.0
2024-08-28 19:18:54,345 [WARN] PackLoader:240 - Cannot read IP mode file for STMicroelectronics.X-CUBE-TOUCHGFX.4.23.2
2024-08-28 19:18:54,441 [WARN] PackLoader:240 - Cannot read IP mode file for STMicroelectronics.X-CUBE-AZRTOS-F7.1.1.0
2024-08-28 19:18:54,492 [WARN] PackLoader:240 - Cannot read IP mode file for STMicroelectronics.FP-SNS-MOTENV1.4.3.2
2024-08-28 19:18:54,668 [WARN] PackLoader:240 - Cannot read IP mode file for STMicroelectronics.X-CUBE-MEMS1.11.0.0
2024-08-28 19:18:54,984 [WARN] PackLoader:240 - Cannot read IP mode file for STMicroelectronics.FP-SNS-FLIGHT1.5.0.2
2024-08-28 19:18:55,012 [WARN] PackLoader:240 - Cannot read IP mode file for STMicroelectronics.X-CUBE-DISPLAY.3.0.0
2024-08-28 19:18:55,047 [WARN] PackLoader:240 - Cannot read IP mode file for STMicroelectronics.X-CUBE-BLE1.7.0.0
2024-08-28 19:18:55,071 [WARN] PackLoader:240 - Cannot read IP mode file for emotas.I-CUBE-CANOPEN.1.3.0
2024-08-28 19:18:55,092 [WARN] PackLoader:240 - Cannot read IP mode file for STMicroelectronics.X-CUBE-TOUCHGFX.4.22.1
2024-08-28 19:18:55,124 [WARN] PackLoader:240 - Cannot read IP mode file for STMicroelectronics.X-CUBE-BLEMGR.3.1.0
2024-08-28 19:18:55,153 [WARN] PackLoader:240 - Cannot read IP mode file for STMicroelectronics.FP-SNS-SMARTAG2.1.2.0
2024-08-28 19:18:55,195 [INFO] LogOutputStream:77 - [STDOUT_REDIRECT] 1 : Invalid condition id : UX_CORESTACK_Condition cause : null
2024-08-28 19:18:55,198 [INFO] LogOutputStream:77 - [STDOUT_REDIRECT] 1 : Invalid condition id : UX_CORESTACK_Condition cause : null
2024-08-28 19:18:55,204 [INFO] LogOutputStream:77 - [STDOUT_REDIRECT] 1 : Invalid condition id : UX_CORESTACK_Condition cause : null
2024-08-28 19:18:55,208 [INFO] LogOutputStream:77 - [STDOUT_REDIRECT] 1 : Invalid condition id : UX_CORESTACK_Condition cause : null
2024-08-28 19:18:55,211 [INFO] LogOutputStream:77 - [STDOUT_REDIRECT] 1 : Invalid condition id : UX_CORESTACK_Condition cause : null
2024-08-28 19:18:55,217 [WARN] PackLoader:240 - Cannot read IP mode file for STMicroelectronics.X-CUBE-AZRTOS-WL.2.0.0
2024-08-28 19:18:55,246 [WARN] PackLoader:240 - Cannot read IP mode file for STMicroelectronics.FP-SNS-MOTENV1.5.0.0
2024-08-28 19:18:55,273 [WARN] PackLoader:240 - Cannot read IP mode file for wolfSSL.I-CUBE-wolfMQTT.1.19.0
2024-08-28 19:18:55,315 [WARN] PackLoader:240 - Cannot read IP mode file for WES.I-CUBE-Cesium.1.3.0
2024-08-28 19:18:55,344 [WARN] PackLoader:240 - Cannot read IP mode file for STMicroelectronics.X-CUBE-BLE2.3.3.0
2024-08-28 19:18:55,371 [WARN] PackLoader:240 - Cannot read IP mode file for STMicroelectronics.X-CUBE-TCPP.4.1.0
2024-08-28 19:18:55,408 [WARN] PackLoader:240 - Cannot read IP mode file for STMicroelectronics.X-CUBE-ALGOBUILD.1.3.0
2024-08-28 19:18:55,483 [WARN] PackLoader:240 - Cannot read IP mode file for STMicroelectronics.X-CUBE-AZRTOS-G0.1.1.0
2024-08-28 19:18:55,524 [WARN] PackLoader:240 - Cannot read IP mode file for STMicroelectronics.X-CUBE-SAFEA1.1.2.2
2024-08-28 19:18:55,557 [WARN] PackLoader:240 - Cannot read IP mode file for STMicroelectronics.X-CUBE-NFC4.3.0.0
2024-08-28 19:18:55,581 [WARN] PackLoader:240 - Cannot read IP mode file for wolfSSL.I-CUBE-wolfMQTT.1.18.0
2024-08-28 19:18:55,628 [WARN] PackLoader:240 - Cannot read IP mode file for EmbeddedOffice.I-CUBE-FS-RTOS.1.0.1
2024-08-28 19:18:55,631 [ERROR] ConditionMgr:805 - Attr not supported : Dmpu
2024-08-28 19:18:55,632 [ERROR] ConditionMgr:805 - Attr not supported : Dmpu
2024-08-28 19:18:55,633 [ERROR] ConditionMgr:805 - Attr not supported : Dmpu
2024-08-28 19:18:55,634 [ERROR] ConditionMgr:805 - Attr not supported : Dmpu
2024-08-28 19:18:55,634 [ERROR] ConditionMgr:805 - Attr not supported : Dmpu
2024-08-28 19:18:55,634 [ERROR] ConditionMgr:805 - Attr not supported : Dmpu
2024-08-28 19:18:55,634 [ERROR] ConditionMgr:805 - Attr not supported : Dmpu
2024-08-28 19:18:55,635 [ERROR] ConditionMgr:805 - Attr not supported : Dmpu
2024-08-28 19:18:55,635 [ERROR] ConditionMgr:805 - Attr not supported : Dmpu
2024-08-28 19:18:55,635 [ERROR] ConditionMgr:805 - Attr not supported : Dmpu
2024-08-28 19:18:55,635 [ERROR] ConditionMgr:805 - Attr not supported : Dmpu
2024-08-28 19:18:55,635 [ERROR] ConditionMgr:805 - Attr not supported : Dmpu
2024-08-28 19:18:55,635 [ERROR] ConditionMgr:805 - Attr not supported : Dmpu
2024-08-28 19:18:55,636 [ERROR] ConditionMgr:805 - Attr not supported : Dmpu
2024-08-28 19:18:55,636 [ERROR] ConditionMgr:805 - Attr not supported : Dmpu
2024-08-28 19:18:55,636 [ERROR] ConditionMgr:805 - Attr not supported : Dmpu
2024-08-28 19:18:55,636 [ERROR] ConditionMgr:805 - Attr not supported : Dmpu
2024-08-28 19:18:55,636 [ERROR] ConditionMgr:805 - Attr not supported : Dmpu
2024-08-28 19:18:55,636 [ERROR] ConditionMgr:805 - Attr not supported : Dmpu
2024-08-28 19:18:55,637 [ERROR] ConditionMgr:805 - Attr not supported : Dmpu
2024-08-28 19:18:55,637 [ERROR] ConditionMgr:805 - Attr not supported : Dmpu
2024-08-28 19:18:55,637 [ERROR] ConditionMgr:805 - Attr not supported : Dmpu
2024-08-28 19:18:55,637 [ERROR] ConditionMgr:805 - Attr not supported : Dmpu
2024-08-28 19:18:55,637 [ERROR] ConditionMgr:805 - Attr not supported : Dmpu
2024-08-28 19:18:55,638 [ERROR] ConditionMgr:805 - Attr not supported : Dmpu
2024-08-28 19:18:55,638 [ERROR] ConditionMgr:805 - Attr not supported : Dmpu
2024-08-28 19:18:55,638 [ERROR] ConditionMgr:805 - Attr not supported : Dmpu
2024-08-28 19:18:55,638 [ERROR] ConditionMgr:805 - Attr not supported : Dmpu
2024-08-28 19:18:55,638 [ERROR] ConditionMgr:805 - Attr not supported : Dmpu
2024-08-28 19:18:55,638 [ERROR] ConditionMgr:805 - Attr not supported : Dmpu
2024-08-28 19:18:55,638 [ERROR] ConditionMgr:805 - Attr not supported : Dmpu
2024-08-28 19:18:55,638 [ERROR] ConditionMgr:805 - Attr not supported : Dmpu
2024-08-28 19:18:55,639 [ERROR] ConditionMgr:805 - Attr not supported : Dmpu
2024-08-28 19:18:55,639 [ERROR] ConditionMgr:805 - Attr not supported : Dmpu
2024-08-28 19:18:55,639 [ERROR] ConditionMgr:805 - Attr not supported : Dmpu
2024-08-28 19:18:55,639 [ERROR] ConditionMgr:805 - Attr not supported : Dmpu
2024-08-28 19:18:55,639 [ERROR] ConditionMgr:805 - Attr not supported : Dmpu
2024-08-28 19:18:55,640 [ERROR] ConditionMgr:805 - Attr not supported : Dmpu
2024-08-28 19:18:55,640 [ERROR] ConditionMgr:805 - Attr not supported : Dmpu
2024-08-28 19:18:55,640 [ERROR] ConditionMgr:805 - Attr not supported : Dmpu
2024-08-28 19:18:55,640 [ERROR] ConditionMgr:805 - Attr not supported : Dmpu
2024-08-28 19:18:55,641 [ERROR] ConditionMgr:805 - Attr not supported : Dmpu
2024-08-28 19:18:55,641 [ERROR] ConditionMgr:805 - Attr not supported : Dmpu
2024-08-28 19:18:55,641 [ERROR] ConditionMgr:805 - Attr not supported : Dmpu
2024-08-28 19:18:55,641 [ERROR] ConditionMgr:805 - Attr not supported : Dmpu
2024-08-28 19:18:55,641 [ERROR] ConditionMgr:805 - Attr not supported : Dmpu
2024-08-28 19:18:55,642 [ERROR] ConditionMgr:805 - Attr not supported : Dmpu
2024-08-28 19:18:55,642 [ERROR] ConditionMgr:805 - Attr not supported : Dmpu
2024-08-28 19:18:55,642 [ERROR] ConditionMgr:805 - Attr not supported : Dmpu
2024-08-28 19:18:55,642 [ERROR] ConditionMgr:805 - Attr not supported : Dmpu
2024-08-28 19:18:55,643 [ERROR] ConditionMgr:805 - Attr not supported : Dmpu
2024-08-28 19:18:55,643 [ERROR] ConditionMgr:805 - Attr not supported : Dmpu
2024-08-28 19:18:55,643 [ERROR] ConditionMgr:805 - Attr not supported : Dmpu
2024-08-28 19:18:55,643 [ERROR] ConditionMgr:805 - Attr not supported : Dmpu
2024-08-28 19:18:55,644 [ERROR] ConditionMgr:805 - Attr not supported : Dmpu
2024-08-28 19:18:55,644 [ERROR] ConditionMgr:805 - Attr not supported : Dmpu
2024-08-28 19:18:55,645 [ERROR] ConditionMgr:805 - Attr not supported : Dmpu
2024-08-28 19:18:55,645 [ERROR] ConditionMgr:805 - Attr not supported : Dmpu
2024-08-28 19:18:55,645 [ERROR] ConditionMgr:805 - Attr not supported : Dmpu
2024-08-28 19:18:55,645 [ERROR] ConditionMgr:805 - Attr not supported : Dmpu
2024-08-28 19:18:55,645 [ERROR] ConditionMgr:805 - Attr not supported : Dmpu
2024-08-28 19:18:55,646 [ERROR] ConditionMgr:805 - Attr not supported : Dmpu
2024-08-28 19:18:55,646 [ERROR] ConditionMgr:805 - Attr not supported : Dmpu
2024-08-28 19:18:55,646 [ERROR] ConditionMgr:805 - Attr not supported : Dmpu
2024-08-28 19:18:55,678 [WARN] PackLoader:240 - Cannot read IP mode file for STMicroelectronics.X-CUBE-BLEMGR.3.0.0
2024-08-28 19:18:55,711 [WARN] PackLoader:240 - Cannot read IP mode file for RealThread.X-CUBE-RT-Thread_Nano.4.1.1
2024-08-28 19:18:55,735 [WARN] PackLoader:240 - Cannot read IP mode file for STMicroelectronics.FP-ATR-SIGFOX1.3.2.0
2024-08-28 19:18:55,769 [WARN] PackLoader:240 - Cannot read IP mode file for STMicroelectronics.X-CUBE-EEPRMA1.5.1.0
2024-08-28 19:18:55,903 [WARN] PackLoader:240 - Cannot read IP mode file for SEGGER.I-CUBE-embOS.1.3.1
2024-08-28 19:18:56,035 [WARN] PackLoader:240 - Cannot read IP mode file for STMicroelectronics.X-CUBE-ALGOBUILD.1.4.0
2024-08-28 19:18:56,063 [WARN] PackLoader:240 - Cannot read IP mode file for STMicroelectronics.X-CUBE-GNSS1.6.0.0
2024-08-28 19:18:56,129 [WARN] PackLoader:240 - Cannot read IP mode file for STMicroelectronics.X-CUBE-AZRTOS-F4.1.1.0
2024-08-28 19:18:56,153 [WARN] PackLoader:240 - Cannot read IP mode file for wolfSSL.I-CUBE-wolfSSL.5.6.4
2024-08-28 19:18:56,175 [WARN] PackLoader:240 - Cannot read IP mode file for STMicroelectronics.X-CUBE-FREERTOS.1.2.0
2024-08-28 19:18:56,243 [WARN] PackLoader:240 - Cannot read IP mode file for STMicroelectronics.X-CUBE-AZRTOS-L5.2.0.0
2024-08-28 19:18:56,276 [WARN] PackLoader:240 - Cannot read IP mode file for STMicroelectronics.X-CUBE-EEPRMA1.4.2.0
2024-08-28 19:18:56,312 [WARN] PackLoader:240 - Cannot read IP mode file for STMicroelectronics.X-CUBE-NFC6.3.1.0
2024-08-28 19:18:56,345 [WARN] PackLoader:240 - Cannot read IP mode file for ITTIA_DB.I-CUBE-ITTIADB.8.8.0
2024-08-28 19:18:56,371 [WARN] PackLoader:240 - Cannot read IP mode file for STMicroelectronics.X-CUBE-DPower.1.2.0
2024-08-28 19:18:56,393 [WARN] PackLoader:240 - Cannot read IP mode file for STMicroelectronics.X-CUBE-AI.9.0.0
2024-08-28 19:18:56,453 [WARN] ConditionMgr:438 - getConditionDescription Invalid condition id : UX DEVICE CLASS RTOS Condition cause : null
2024-08-28 19:18:56,453 [WARN] ConditionMgr:438 - getConditionDescription Invalid condition id : UX DEVICE CLASS RTOS Condition cause : null
2024-08-28 19:18:56,462 [WARN] PackLoader:240 - Cannot read IP mode file for STMicroelectronics.X-CUBE-AZRTOS-H7.3.1.0
2024-08-28 19:18:56,464 [WARN] ConditionMgr:1039 - genDependencies : Invalid condition id : UX DEVICE CLASS RTOS Condition cause : null
2024-08-28 19:18:56,465 [WARN] ConditionMgr:1039 - genDependencies : Invalid condition id : UX DEVICE CLASS RTOS Condition cause : null
2024-08-28 19:18:56,467 [WARN] ConditionMgr:1039 - genDependencies : Invalid condition id : UX DEVICE CLASS RTOS Condition cause : null
2024-08-28 19:18:56,468 [WARN] ConditionMgr:1039 - genDependencies : Invalid condition id : UX DEVICE CLASS RTOS Condition cause : null
2024-08-28 19:18:56,468 [WARN] ConditionMgr:1039 - genDependencies : Invalid condition id : UX DEVICE CLASS RTOS Condition cause : null
2024-08-28 19:18:56,494 [WARN] PackLoader:240 - Cannot read IP mode file for STMicroelectronics.X-CUBE-NFC7.1.0.1
2024-08-28 19:18:56,520 [WARN] PackLoader:240 - Cannot read IP mode file for wolfSSL.I-CUBE-wolfTPM.3.2.0
2024-08-28 19:18:56,545 [WARN] PackLoader:240 - Cannot read IP mode file for STMicroelectronics.X-CUBE-NFC6.3.0.0
2024-08-28 19:18:56,568 [WARN] PackLoader:240 - Cannot read IP mode file for STMicroelectronics.X-CUBE-AI.8.1.0
2024-08-28 19:18:56,647 [WARN] ConditionMgr:438 - getConditionDescription Invalid condition id : LAN8742 Phy interface Condition cause : null
2024-08-28 19:18:56,650 [WARN] PackLoader:240 - Cannot read IP mode file for STMicroelectronics.X-CUBE-AZRTOS-L4.2.0.0
2024-08-28 19:18:56,653 [WARN] ConditionMgr:1039 - genDependencies : Invalid condition id : LAN8742 Phy interface Condition cause : null
2024-08-28 19:18:56,654 [WARN] ConditionMgr:1039 - genDependencies : Invalid condition id : LAN8742 Phy interface Condition cause : null
2024-08-28 19:18:56,656 [WARN] ConditionMgr:1039 - genDependencies : Invalid condition id : LAN8742 Phy interface Condition cause : null
2024-08-28 19:18:56,693 [WARN] PackLoader:240 - Cannot read IP mode file for STMicroelectronics.X-CUBE-SFXS2LP1.4.0.0
2024-08-28 19:18:56,719 [WARN] PackLoader:240 - Cannot read IP mode file for STMicroelectronics.X-CUBE-ISPU.1.1.0
2024-08-28 19:18:56,794 [WARN] PackLoader:240 - Cannot read IP mode file for STMicroelectronics.X-CUBE-AZRTOS-H7.3.3.0
2024-08-28 19:18:56,867 [WARN] ConditionMgr:438 - getConditionDescription Invalid condition id : UX DEVICE CLASS RTOS Condition cause : null
2024-08-28 19:18:56,868 [WARN] ConditionMgr:438 - getConditionDescription Invalid condition id : UX DEVICE CLASS RTOS Condition cause : null
2024-08-28 19:18:56,874 [WARN] PackLoader:240 - Cannot read IP mode file for STMicroelectronics.X-CUBE-AZRTOS-WB.2.0.0
2024-08-28 19:18:56,876 [WARN] ConditionMgr:1039 - genDependencies : Invalid condition id : UX DEVICE CLASS RTOS Condition cause : null
2024-08-28 19:18:56,876 [WARN] ConditionMgr:1039 - genDependencies : Invalid condition id : UX DEVICE CLASS RTOS Condition cause : null
2024-08-28 19:18:56,877 [WARN] ConditionMgr:1039 - genDependencies : Invalid condition id : UX DEVICE CLASS RTOS Condition cause : null
2024-08-28 19:18:56,878 [WARN] ConditionMgr:1039 - genDependencies : Invalid condition id : UX DEVICE CLASS RTOS Condition cause : null
2024-08-28 19:18:56,878 [WARN] ConditionMgr:1039 - genDependencies : Invalid condition id : UX DEVICE CLASS RTOS Condition cause : null
2024-08-28 19:18:56,911 [WARN] PackLoader:240 - Cannot read IP mode file for STMicroelectronics.FP-SNS-STBOX1.2.0.0
2024-08-28 19:18:56,955 [WARN] PackLoader:240 - Cannot read IP mode file for STMicroelectronics.X-CUBE-SUBG2.5.0.0
2024-08-28 19:18:57,006 [WARN] PackLoader:240 - Cannot read IP mode file for STMicroelectronics.X-CUBE-AZRTOS-G4.2.0.0
2024-08-28 19:18:57,062 [WARN] PackLoader:240 - Cannot read IP mode file for Infineon.AIROC-Wi-Fi-Bluetooth-STM32.1.5.1
2024-08-28 19:18:57,082 [WARN] PackLoader:240 - Cannot read IP mode file for STMicroelectronics.FP-SNS-MOTENVWB1.1.3.0
2024-08-28 19:18:57,100 [WARN] PackLoader:240 - Cannot read IP mode file for STMicroelectronics.FP-SNS-MOTENVWB1.1.3.1
2024-08-28 19:18:57,125 [WARN] PackLoader:240 - Cannot read IP mode file for STMicroelectronics.X-CUBE-ISPU.2.0.0
2024-08-28 19:18:57,158 [WARN] PackLoader:240 - Cannot read IP mode file for STMicroelectronics.X-CUBE-ALS.1.0.2
2024-08-28 19:18:57,289 [WARN] PackLoader:240 - Cannot read IP mode file for STMicroelectronics.X-CUBE-MEMS1.10.0.0
2024-08-28 19:18:57,617 [WARN] PackLoader:240 - Cannot read IP mode file for STMicroelectronics.X-CUBE-FREERTOS.1.1.0
2024-08-28 19:18:57,639 [WARN] PackLoader:240 - Cannot read IP mode file for STMicroelectronics.X-CUBE-TOUCHGFX.4.24.0
2024-08-28 19:18:57,657 [WARN] PackLoader:240 - Cannot read IP mode file for portGmbH.I-Cube-SoM-uGOAL.1.1.0
2024-08-28 19:18:57,676 [WARN] PackLoader:240 - Cannot read IP mode file for STMicroelectronics.X-CUBE-ALS.1.0.1
2024-08-28 19:18:57,744 [WARN] PackLoader:240 - Cannot read IP mode file for STMicroelectronics.X-CUBE-AZRTOS-H7RS.1.0.0
2024-08-28 19:18:57,775 [WARN] PackLoader:240 - Cannot read IP mode file for STMicroelectronics.FP-ATR-ASTRA1.2.0.0
2024-08-28 19:18:57,809 [WARN] PackLoader:240 - Cannot read IP mode file for STMicroelectronics.X-CUBE-TOF1.3.4.2
2024-08-28 19:18:57,857 [WARN] PackLoader:240 - Cannot read IP mode file for STMicroelectronics.X-CUBE-TOF1.3.4.0
2024-08-28 19:18:57,902 [WARN] PackLoader:240 - Cannot read IP mode file for STMicroelectronics.X-CUBE-TOF1.3.4.1
2024-08-28 19:18:57,971 [WARN] PackLoader:240 - Cannot read IP mode file for STMicroelectronics.X-CUBE-AZRTOS-H7.3.2.0
2024-08-28 19:18:57,993 [WARN] PackLoader:240 - Cannot read IP mode file for wolfSSL.I-CUBE-wolfSSH.1.4.17
2024-08-28 19:18:57,996 [INFO] ThirdParty:978 - Integrity check success = true
2024-08-28 19:18:57,997 [INFO] IntegrityCheckThread:100 - exiting critical section [integrity check]
2024-08-28 19:18:57,997 [INFO] IntegrityCheckThread:103 - End integrity checks thread
2024-08-28 19:18:59,780 [INFO] WebApp:167 - Instantiating new browser for Auth
2024-08-28 19:19:02,049 [INFO] WebApp:448 - Apply proxy settings
2024-08-28 19:19:02,050 [INFO] WebApp:533 - Chromium requires no authentication
2024-08-28 19:19:02,082 [INFO] WebApp:476 - Direct internet connection detected
2024-08-28 19:19:02,146 [INFO] WebApp:869 - Register for checkConnection events
2024-08-28 19:19:02,146 [INFO] WebApp:448 - Apply proxy settings
2024-08-28 19:19:02,146 [INFO] WebApp:533 - Chromium requires no authentication
2024-08-28 19:19:02,147 [INFO] WebApp:476 - Direct internet connection detected
2024-08-28 19:19:02,487 [INFO] WebApp:186 - Connection restablished
2024-08-28 19:19:02,815 [INFO] WebApp:220 - Starting web application
2024-08-28 19:19:02,816 [INFO] WebApp:578 - Web application path used C:\ST\STM32CubeIDE_1.14.0\STM32CubeIDE\plugins\com.st.stm32cube.common.mx_6.12.0.202406281431\db\plugins\mcufinder\reactClient1\index.html
2024-08-28 19:19:03,250 [INFO] UserAuth:417 - Internet connection configuration mode: 1
2024-08-28 19:33:37,803 [ERROR] LogOutputStream:75 - [STDERR_REDIRECT] 
